The system is: Linux - 4.15.0-58-generic - x86_64
Compiling the C compiler identification source file "CMakeCCompilerId.c" succeeded.
Compiler: /usr/bin/cc 
Build flags: 
Id flags: 

The output was:
0


Compilation of the C compiler identification source "CMakeCCompilerId.c" produced "a.out"

The C compiler identification is GNU, found in "/home/gdw/projects/SDDP/sddp_nuvo_app/3rdpart/glog-0.3.5/build/CMakeFiles/3.5.1/CompilerIdC/a.out"

Compiling the CXX compiler identification source file "CMakeCXXCompilerId.cpp" succeeded.
Compiler: /usr/bin/c++ 
Build flags: 
Id flags: 

The output was:
0


Compilation of the CXX compiler identification source "CMakeCXXCompilerId.cpp" produced "a.out"

The CXX compiler identification is GNU, found in "/home/gdw/projects/SDDP/sddp_nuvo_app/3rdpart/glog-0.3.5/build/CMakeFiles/3.5.1/CompilerIdCXX/a.out"

Determining if the C compiler works passed with the following output:
Change Dir: /home/gdw/projects/SDDP/sddp_nuvo_app/3rdpart/glog-0.3.5/build/CMakeFiles/CMakeTmp

Run Build Command:"/usr/bin/make" "cmTC_779a6/fast"
/usr/bin/make -f CMakeFiles/cmTC_779a6.dir/build.make CMakeFiles/cmTC_779a6.dir/build
make[1]: Entering directory '/home/gdw/projects/SDDP/sddp_nuvo_app/3rdpart/glog-0.3.5/build/CMakeFiles/CMakeTmp'
Building C object CMakeFiles/cmTC_779a6.dir/testCCompiler.c.o
/usr/bin/cc     -o CMakeFiles/cmTC_779a6.dir/testCCompiler.c.o   -c /home/gdw/projects/SDDP/sddp_nuvo_app/3rdpart/glog-0.3.5/build/CMakeFiles/CMakeTmp/testCCompiler.c
Linking C executable cmTC_779a6
/usr/bin/cmake -E cmake_link_script CMakeFiles/cmTC_779a6.dir/link.txt --verbose=1
/usr/bin/cc       CMakeFiles/cmTC_779a6.dir/testCCompiler.c.o  -o cmTC_779a6 -rdynamic 
make[1]: Leaving directory '/home/gdw/projects/SDDP/sddp_nuvo_app/3rdpart/glog-0.3.5/build/CMakeFiles/CMakeTmp'


Detecting C compiler ABI info compiled with the following output:
Change Dir: /home/gdw/projects/SDDP/sddp_nuvo_app/3rdpart/glog-0.3.5/build/CMakeFiles/CMakeTmp

Run Build Command:"/usr/bin/make" "cmTC_d3e14/fast"
/usr/bin/make -f CMakeFiles/cmTC_d3e14.dir/build.make CMakeFiles/cmTC_d3e14.dir/build
make[1]: Entering directory '/home/gdw/projects/SDDP/sddp_nuvo_app/3rdpart/glog-0.3.5/build/CMakeFiles/CMakeTmp'
Building C object CMakeFiles/cmTC_d3e14.dir/CMakeCCompilerABI.c.o
/usr/bin/cc     -o CMakeFiles/cmTC_d3e14.dir/CMakeCCompilerABI.c.o   -c /usr/share/cmake-3.5/Modules/CMakeCCompilerABI.c
Linking C executable cmTC_d3e14
/usr/bin/cmake -E cmake_link_script CMakeFiles/cmTC_d3e14.dir/link.txt --verbose=1
/usr/bin/cc      -v CMakeFiles/cmTC_d3e14.dir/CMakeCCompilerABI.c.o  -o cmTC_d3e14 -rdynamic  
Using built-in specs.
COLLECT_GCC=/usr/bin/cc
COLLECT_LTO_WRAPPER=/usr/lib/gcc/x86_64-linux-gnu/5/lto-wrapper
Target: x86_64-linux-gnu
Configured with: ../src/configure -v --with-pkgversion='Ubuntu 5.4.0-6ubuntu1~16.04.11' --with-bugurl=file:///usr/share/doc/gcc-5/README.Bugs --enable-languages=c,ada,c++,java,go,d,fortran,objc,obj-c++ --prefix=/usr --program-suffix=-5 --enable-shared --enable-linker-build-id --libexecdir=/usr/lib --without-included-gettext --enable-threads=posix --libdir=/usr/lib --enable-nls --with-sysroot=/ --enable-clocale=gnu --enable-libstdcxx-debug --enable-libstdcxx-time=yes --with-default-libstdcxx-abi=new --enable-gnu-unique-object --disable-vtable-verify --enable-libmpx --enable-plugin --with-system-zlib --disable-browser-plugin --enable-java-awt=gtk --enable-gtk-cairo --with-java-home=/usr/lib/jvm/java-1.5.0-gcj-5-amd64/jre --enable-java-home --with-jvm-root-dir=/usr/lib/jvm/java-1.5.0-gcj-5-amd64 --with-jvm-jar-dir=/usr/lib/jvm-exports/java-1.5.0-gcj-5-amd64 --with-arch-directory=amd64 --with-ecj-jar=/usr/share/java/eclipse-ecj.jar --enable-objc-gc --enable-multiarch --disable-werror --with-arch-32=i686 --with-abi=m64 --with-multilib-list=m32,m64,mx32 --enable-multilib --with-tune=generic --enable-checking=release --build=x86_64-linux-gnu --host=x86_64-linux-gnu --target=x86_64-linux-gnu
Thread model: posix
gcc version 5.4.0 20160609 (Ubuntu 5.4.0-6ubuntu1~16.04.11) 
COMPILER_PATH=/usr/lib/gcc/x86_64-linux-gnu/5/:/usr/lib/gcc/x86_64-linux-gnu/5/:/usr/lib/gcc/x86_64-linux-gnu/:/usr/lib/gcc/x86_64-linux-gnu/5/:/usr/lib/gcc/x86_64-linux-gnu/
LIBRARY_PATH=/usr/lib/gcc/x86_64-linux-gnu/5/:/usr/lib/gcc/x86_64-linux-gnu/5/../../../x86_64-linux-gnu/:/usr/lib/gcc/x86_64-linux-gnu/5/../../../../lib/:/lib/x86_64-linux-gnu/:/lib/../lib/:/usr/lib/x86_64-linux-gnu/:/usr/lib/../lib/:/usr/lib/gcc/x86_64-linux-gnu/5/../../../:/lib/:/usr/lib/
COLLECT_GCC_OPTIONS='-v' '-o' 'cmTC_d3e14' '-rdynamic' '-mtune=generic' '-march=x86-64'
 /usr/lib/gcc/x86_64-linux-gnu/5/collect2 -plugin /usr/lib/gcc/x86_64-linux-gnu/5/liblto_plugin.so -plugin-opt=/usr/lib/gcc/x86_64-linux-gnu/5/lto-wrapper -plugin-opt=-fresolution=/tmp/ccadoYqi.res -plugin-opt=-pass-through=-lgcc -plugin-opt=-pass-through=-lgcc_s -plugin-opt=-pass-through=-lc -plugin-opt=-pass-through=-lgcc -plugin-opt=-pass-through=-lgcc_s --sysroot=/ --build-id --eh-frame-hdr -m elf_x86_64 --hash-style=gnu --as-needed -export-dynamic -dynamic-linker /lib64/ld-linux-x86-64.so.2 -z relro -o cmTC_d3e14 /usr/lib/gcc/x86_64-linux-gnu/5/../../../x86_64-linux-gnu/crt1.o /usr/lib/gcc/x86_64-linux-gnu/5/../../../x86_64-linux-gnu/crti.o /usr/lib/gcc/x86_64-linux-gnu/5/crtbegin.o -L/usr/lib/gcc/x86_64-linux-gnu/5 -L/usr/lib/gcc/x86_64-linux-gnu/5/../../../x86_64-linux-gnu -L/usr/lib/gcc/x86_64-linux-gnu/5/../../../../lib -L/lib/x86_64-linux-gnu -L/lib/../lib -L/usr/lib/x86_64-linux-gnu -L/usr/lib/../lib -L/usr/lib/gcc/x86_64-linux-gnu/5/../../.. CMakeFiles/cmTC_d3e14.dir/CMakeCCompilerABI.c.o -lgcc --as-needed -lgcc_s --no-as-needed -lc -lgcc --as-needed -lgcc_s --no-as-needed /usr/lib/gcc/x86_64-linux-gnu/5/crtend.o /usr/lib/gcc/x86_64-linux-gnu/5/../../../x86_64-linux-gnu/crtn.o
make[1]: Leaving directory '/home/gdw/projects/SDDP/sddp_nuvo_app/3rdpart/glog-0.3.5/build/CMakeFiles/CMakeTmp'


Parsed C implicit link information from above output:
  link line regex: [^( *|.*[/\])(ld|([^/\]+-)?ld|collect2)[^/\]*( |$)]
  ignore line: [Change Dir: /home/gdw/projects/SDDP/sddp_nuvo_app/3rdpart/glog-0.3.5/build/CMakeFiles/CMakeTmp]
  ignore line: []
  ignore line: [Run Build Command:"/usr/bin/make" "cmTC_d3e14/fast"]
  ignore line: [/usr/bin/make -f CMakeFiles/cmTC_d3e14.dir/build.make CMakeFiles/cmTC_d3e14.dir/build]
  ignore line: [make[1]: Entering directory '/home/gdw/projects/SDDP/sddp_nuvo_app/3rdpart/glog-0.3.5/build/CMakeFiles/CMakeTmp']
  ignore line: [Building C object CMakeFiles/cmTC_d3e14.dir/CMakeCCompilerABI.c.o]
  ignore line: [/usr/bin/cc     -o CMakeFiles/cmTC_d3e14.dir/CMakeCCompilerABI.c.o   -c /usr/share/cmake-3.5/Modules/CMakeCCompilerABI.c]
  ignore line: [Linking C executable cmTC_d3e14]
  ignore line: [/usr/bin/cmake -E cmake_link_script CMakeFiles/cmTC_d3e14.dir/link.txt --verbose=1]
  ignore line: [/usr/bin/cc      -v CMakeFiles/cmTC_d3e14.dir/CMakeCCompilerABI.c.o  -o cmTC_d3e14 -rdynamic  ]
  ignore line: [Using built-in specs.]
  ignore line: [COLLECT_GCC=/usr/bin/cc]
  ignore line: [COLLECT_LTO_WRAPPER=/usr/lib/gcc/x86_64-linux-gnu/5/lto-wrapper]
  ignore line: [Target: x86_64-linux-gnu]
  ignore line: [Configured with: ../src/configure -v --with-pkgversion='Ubuntu 5.4.0-6ubuntu1~16.04.11' --with-bugurl=file:///usr/share/doc/gcc-5/README.Bugs --enable-languages=c,ada,c++,java,go,d,fortran,objc,obj-c++ --prefix=/usr --program-suffix=-5 --enable-shared --enable-linker-build-id --libexecdir=/usr/lib --without-included-gettext --enable-threads=posix --libdir=/usr/lib --enable-nls --with-sysroot=/ --enable-clocale=gnu --enable-libstdcxx-debug --enable-libstdcxx-time=yes --with-default-libstdcxx-abi=new --enable-gnu-unique-object --disable-vtable-verify --enable-libmpx --enable-plugin --with-system-zlib --disable-browser-plugin --enable-java-awt=gtk --enable-gtk-cairo --with-java-home=/usr/lib/jvm/java-1.5.0-gcj-5-amd64/jre --enable-java-home --with-jvm-root-dir=/usr/lib/jvm/java-1.5.0-gcj-5-amd64 --with-jvm-jar-dir=/usr/lib/jvm-exports/java-1.5.0-gcj-5-amd64 --with-arch-directory=amd64 --with-ecj-jar=/usr/share/java/eclipse-ecj.jar --enable-objc-gc --enable-multiarch --disable-werror --with-arch-32=i686 --with-abi=m64 --with-multilib-list=m32,m64,mx32 --enable-multilib --with-tune=generic --enable-checking=release --build=x86_64-linux-gnu --host=x86_64-linux-gnu --target=x86_64-linux-gnu]
  ignore line: [Thread model: posix]
  ignore line: [gcc version 5.4.0 20160609 (Ubuntu 5.4.0-6ubuntu1~16.04.11) ]
  ignore line: [COMPILER_PATH=/usr/lib/gcc/x86_64-linux-gnu/5/:/usr/lib/gcc/x86_64-linux-gnu/5/:/usr/lib/gcc/x86_64-linux-gnu/:/usr/lib/gcc/x86_64-linux-gnu/5/:/usr/lib/gcc/x86_64-linux-gnu/]
  ignore line: [LIBRARY_PATH=/usr/lib/gcc/x86_64-linux-gnu/5/:/usr/lib/gcc/x86_64-linux-gnu/5/../../../x86_64-linux-gnu/:/usr/lib/gcc/x86_64-linux-gnu/5/../../../../lib/:/lib/x86_64-linux-gnu/:/lib/../lib/:/usr/lib/x86_64-linux-gnu/:/usr/lib/../lib/:/usr/lib/gcc/x86_64-linux-gnu/5/../../../:/lib/:/usr/lib/]
  ignore line: [COLLECT_GCC_OPTIONS='-v' '-o' 'cmTC_d3e14' '-rdynamic' '-mtune=generic' '-march=x86-64']
  link line: [ /usr/lib/gcc/x86_64-linux-gnu/5/collect2 -plugin /usr/lib/gcc/x86_64-linux-gnu/5/liblto_plugin.so -plugin-opt=/usr/lib/gcc/x86_64-linux-gnu/5/lto-wrapper -plugin-opt=-fresolution=/tmp/ccadoYqi.res -plugin-opt=-pass-through=-lgcc -plugin-opt=-pass-through=-lgcc_s -plugin-opt=-pass-through=-lc -plugin-opt=-pass-through=-lgcc -plugin-opt=-pass-through=-lgcc_s --sysroot=/ --build-id --eh-frame-hdr -m elf_x86_64 --hash-style=gnu --as-needed -export-dynamic -dynamic-linker /lib64/ld-linux-x86-64.so.2 -z relro -o cmTC_d3e14 /usr/lib/gcc/x86_64-linux-gnu/5/../../../x86_64-linux-gnu/crt1.o /usr/lib/gcc/x86_64-linux-gnu/5/../../../x86_64-linux-gnu/crti.o /usr/lib/gcc/x86_64-linux-gnu/5/crtbegin.o -L/usr/lib/gcc/x86_64-linux-gnu/5 -L/usr/lib/gcc/x86_64-linux-gnu/5/../../../x86_64-linux-gnu -L/usr/lib/gcc/x86_64-linux-gnu/5/../../../../lib -L/lib/x86_64-linux-gnu -L/lib/../lib -L/usr/lib/x86_64-linux-gnu -L/usr/lib/../lib -L/usr/lib/gcc/x86_64-linux-gnu/5/../../.. CMakeFiles/cmTC_d3e14.dir/CMakeCCompilerABI.c.o -lgcc --as-needed -lgcc_s --no-as-needed -lc -lgcc --as-needed -lgcc_s --no-as-needed /usr/lib/gcc/x86_64-linux-gnu/5/crtend.o /usr/lib/gcc/x86_64-linux-gnu/5/../../../x86_64-linux-gnu/crtn.o]
    arg [/usr/lib/gcc/x86_64-linux-gnu/5/collect2] ==> ignore
    arg [-plugin] ==> ignore
    arg [/usr/lib/gcc/x86_64-linux-gnu/5/liblto_plugin.so] ==> ignore
    arg [-plugin-opt=/usr/lib/gcc/x86_64-linux-gnu/5/lto-wrapper] ==> ignore
    arg [-plugin-opt=-fresolution=/tmp/ccadoYqi.res] ==> ignore
    arg [-plugin-opt=-pass-through=-lgcc] ==> ignore
    arg [-plugin-opt=-pass-through=-lgcc_s] ==> ignore
    arg [-plugin-opt=-pass-through=-lc] ==> ignore
    arg [-plugin-opt=-pass-through=-lgcc] ==> ignore
    arg [-plugin-opt=-pass-through=-lgcc_s] ==> ignore
    arg [--sysroot=/] ==> ignore
    arg [--build-id] ==> ignore
    arg [--eh-frame-hdr] ==> ignore
    arg [-m] ==> ignore
    arg [elf_x86_64] ==> ignore
    arg [--hash-style=gnu] ==> ignore
    arg [--as-needed] ==> ignore
    arg [-export-dynamic] ==> ignore
    arg [-dynamic-linker] ==> ignore
    arg [/lib64/ld-linux-x86-64.so.2] ==> ignore
    arg [-zrelro] ==> ignore
    arg [-o] ==> ignore
    arg [cmTC_d3e14] ==> ignore
    arg [/usr/lib/gcc/x86_64-linux-gnu/5/../../../x86_64-linux-gnu/crt1.o] ==> ignore
    arg [/usr/lib/gcc/x86_64-linux-gnu/5/../../../x86_64-linux-gnu/crti.o] ==> ignore
    arg [/usr/lib/gcc/x86_64-linux-gnu/5/crtbegin.o] ==> ignore
    arg [-L/usr/lib/gcc/x86_64-linux-gnu/5] ==> dir [/usr/lib/gcc/x86_64-linux-gnu/5]
    arg [-L/usr/lib/gcc/x86_64-linux-gnu/5/../../../x86_64-linux-gnu] ==> dir [/usr/lib/gcc/x86_64-linux-gnu/5/../../../x86_64-linux-gnu]
    arg [-L/usr/lib/gcc/x86_64-linux-gnu/5/../../../../lib] ==> dir [/usr/lib/gcc/x86_64-linux-gnu/5/../../../../lib]
    arg [-L/lib/x86_64-linux-gnu] ==> dir [/lib/x86_64-linux-gnu]
    arg [-L/lib/../lib] ==> dir [/lib/../lib]
    arg [-L/usr/lib/x86_64-linux-gnu] ==> dir [/usr/lib/x86_64-linux-gnu]
    arg [-L/usr/lib/../lib] ==> dir [/usr/lib/../lib]
    arg [-L/usr/lib/gcc/x86_64-linux-gnu/5/../../..] ==> dir [/usr/lib/gcc/x86_64-linux-gnu/5/../../..]
    arg [CMakeFiles/cmTC_d3e14.dir/CMakeCCompilerABI.c.o] ==> ignore
    arg [-lgcc] ==> lib [gcc]
    arg [--as-needed] ==> ignore
    arg [-lgcc_s] ==> lib [gcc_s]
    arg [--no-as-needed] ==> ignore
    arg [-lc] ==> lib [c]
    arg [-lgcc] ==> lib [gcc]
    arg [--as-needed] ==> ignore
    arg [-lgcc_s] ==> lib [gcc_s]
    arg [--no-as-needed] ==> ignore
    arg [/usr/lib/gcc/x86_64-linux-gnu/5/crtend.o] ==> ignore
    arg [/usr/lib/gcc/x86_64-linux-gnu/5/../../../x86_64-linux-gnu/crtn.o] ==> ignore
  remove lib [gcc]
  remove lib [gcc_s]
  remove lib [gcc]
  remove lib [gcc_s]
  collapse library dir [/usr/lib/gcc/x86_64-linux-gnu/5] ==> [/usr/lib/gcc/x86_64-linux-gnu/5]
  collapse library dir [/usr/lib/gcc/x86_64-linux-gnu/5/../../../x86_64-linux-gnu] ==> [/usr/lib/x86_64-linux-gnu]
  collapse library dir [/usr/lib/gcc/x86_64-linux-gnu/5/../../../../lib] ==> [/usr/lib]
  collapse library dir [/lib/x86_64-linux-gnu] ==> [/lib/x86_64-linux-gnu]
  collapse library dir [/lib/../lib] ==> [/lib]
  collapse library dir [/usr/lib/x86_64-linux-gnu] ==> [/usr/lib/x86_64-linux-gnu]
  collapse library dir [/usr/lib/../lib] ==> [/usr/lib]
  collapse library dir [/usr/lib/gcc/x86_64-linux-gnu/5/../../..] ==> [/usr/lib]
  implicit libs: [c]
  implicit dirs: [/usr/lib/gcc/x86_64-linux-gnu/5;/usr/lib/x86_64-linux-gnu;/usr/lib;/lib/x86_64-linux-gnu;/lib]
  implicit fwks: []




Detecting C [-std=c11] compiler features compiled with the following output:
Change Dir: /home/gdw/projects/SDDP/sddp_nuvo_app/3rdpart/glog-0.3.5/build/CMakeFiles/CMakeTmp

Run Build Command:"/usr/bin/make" "cmTC_f820f/fast"
/usr/bin/make -f CMakeFiles/cmTC_f820f.dir/build.make CMakeFiles/cmTC_f820f.dir/build
make[1]: Entering directory '/home/gdw/projects/SDDP/sddp_nuvo_app/3rdpart/glog-0.3.5/build/CMakeFiles/CMakeTmp'
Building C object CMakeFiles/cmTC_f820f.dir/feature_tests.c.o
/usr/bin/cc    -std=c11 -o CMakeFiles/cmTC_f820f.dir/feature_tests.c.o   -c /home/gdw/projects/SDDP/sddp_nuvo_app/3rdpart/glog-0.3.5/build/CMakeFiles/feature_tests.c
Linking C executable cmTC_f820f
/usr/bin/cmake -E cmake_link_script CMakeFiles/cmTC_f820f.dir/link.txt --verbose=1
/usr/bin/cc       CMakeFiles/cmTC_f820f.dir/feature_tests.c.o  -o cmTC_f820f -rdynamic 
make[1]: Leaving directory '/home/gdw/projects/SDDP/sddp_nuvo_app/3rdpart/glog-0.3.5/build/CMakeFiles/CMakeTmp'


    Feature record: C_FEATURE:1c_function_prototypes
    Feature record: C_FEATURE:1c_restrict
    Feature record: C_FEATURE:1c_static_assert
    Feature record: C_FEATURE:1c_variadic_macros


Detecting C [-std=c99] compiler features compiled with the following output:
Change Dir: /home/gdw/projects/SDDP/sddp_nuvo_app/3rdpart/glog-0.3.5/build/CMakeFiles/CMakeTmp

Run Build Command:"/usr/bin/make" "cmTC_a1cad/fast"
/usr/bin/make -f CMakeFiles/cmTC_a1cad.dir/build.make CMakeFiles/cmTC_a1cad.dir/build
make[1]: Entering directory '/home/gdw/projects/SDDP/sddp_nuvo_app/3rdpart/glog-0.3.5/build/CMakeFiles/CMakeTmp'
Building C object CMakeFiles/cmTC_a1cad.dir/feature_tests.c.o
/usr/bin/cc    -std=c99 -o CMakeFiles/cmTC_a1cad.dir/feature_tests.c.o   -c /home/gdw/projects/SDDP/sddp_nuvo_app/3rdpart/glog-0.3.5/build/CMakeFiles/feature_tests.c
Linking C executable cmTC_a1cad
/usr/bin/cmake -E cmake_link_script CMakeFiles/cmTC_a1cad.dir/link.txt --verbose=1
/usr/bin/cc       CMakeFiles/cmTC_a1cad.dir/feature_tests.c.o  -o cmTC_a1cad -rdynamic 
make[1]: Leaving directory '/home/gdw/projects/SDDP/sddp_nuvo_app/3rdpart/glog-0.3.5/build/CMakeFiles/CMakeTmp'


    Feature record: C_FEATURE:1c_function_prototypes
    Feature record: C_FEATURE:1c_restrict
    Feature record: C_FEATURE:0c_static_assert
    Feature record: C_FEATURE:1c_variadic_macros


Detecting C [-std=c90] compiler features compiled with the following output:
Change Dir: /home/gdw/projects/SDDP/sddp_nuvo_app/3rdpart/glog-0.3.5/build/CMakeFiles/CMakeTmp

Run Build Command:"/usr/bin/make" "cmTC_ba48e/fast"
/usr/bin/make -f CMakeFiles/cmTC_ba48e.dir/build.make CMakeFiles/cmTC_ba48e.dir/build
make[1]: Entering directory '/home/gdw/projects/SDDP/sddp_nuvo_app/3rdpart/glog-0.3.5/build/CMakeFiles/CMakeTmp'
Building C object CMakeFiles/cmTC_ba48e.dir/feature_tests.c.o
/usr/bin/cc    -std=c90 -o CMakeFiles/cmTC_ba48e.dir/feature_tests.c.o   -c /home/gdw/projects/SDDP/sddp_nuvo_app/3rdpart/glog-0.3.5/build/CMakeFiles/feature_tests.c
Linking C executable cmTC_ba48e
/usr/bin/cmake -E cmake_link_script CMakeFiles/cmTC_ba48e.dir/link.txt --verbose=1
/usr/bin/cc       CMakeFiles/cmTC_ba48e.dir/feature_tests.c.o  -o cmTC_ba48e -rdynamic 
make[1]: Leaving directory '/home/gdw/projects/SDDP/sddp_nuvo_app/3rdpart/glog-0.3.5/build/CMakeFiles/CMakeTmp'


    Feature record: C_FEATURE:1c_function_prototypes
    Feature record: C_FEATURE:0c_restrict
    Feature record: C_FEATURE:0c_static_assert
    Feature record: C_FEATURE:0c_variadic_macros
Determining if the CXX compiler works passed with the following output:
Change Dir: /home/gdw/projects/SDDP/sddp_nuvo_app/3rdpart/glog-0.3.5/build/CMakeFiles/CMakeTmp

Run Build Command:"/usr/bin/make" "cmTC_fa232/fast"
/usr/bin/make -f CMakeFiles/cmTC_fa232.dir/build.make CMakeFiles/cmTC_fa232.dir/build
make[1]: Entering directory '/home/gdw/projects/SDDP/sddp_nuvo_app/3rdpart/glog-0.3.5/build/CMakeFiles/CMakeTmp'
Building CXX object CMakeFiles/cmTC_fa232.dir/testCXXCompiler.cxx.o
/usr/bin/c++      -o CMakeFiles/cmTC_fa232.dir/testCXXCompiler.cxx.o -c /home/gdw/projects/SDDP/sddp_nuvo_app/3rdpart/glog-0.3.5/build/CMakeFiles/CMakeTmp/testCXXCompiler.cxx
Linking CXX executable cmTC_fa232
/usr/bin/cmake -E cmake_link_script CMakeFiles/cmTC_fa232.dir/link.txt --verbose=1
/usr/bin/c++        CMakeFiles/cmTC_fa232.dir/testCXXCompiler.cxx.o  -o cmTC_fa232 -rdynamic 
make[1]: Leaving directory '/home/gdw/projects/SDDP/sddp_nuvo_app/3rdpart/glog-0.3.5/build/CMakeFiles/CMakeTmp'


Detecting CXX compiler ABI info compiled with the following output:
Change Dir: /home/gdw/projects/SDDP/sddp_nuvo_app/3rdpart/glog-0.3.5/build/CMakeFiles/CMakeTmp

Run Build Command:"/usr/bin/make" "cmTC_f8cf7/fast"
/usr/bin/make -f CMakeFiles/cmTC_f8cf7.dir/build.make CMakeFiles/cmTC_f8cf7.dir/build
make[1]: Entering directory '/home/gdw/projects/SDDP/sddp_nuvo_app/3rdpart/glog-0.3.5/build/CMakeFiles/CMakeTmp'
Building CXX object CMakeFiles/cmTC_f8cf7.dir/CMakeCXXCompilerABI.cpp.o
/usr/bin/c++      -o CMakeFiles/cmTC_f8cf7.dir/CMakeCXXCompilerABI.cpp.o -c /usr/share/cmake-3.5/Modules/CMakeCXXCompilerABI.cpp
Linking CXX executable cmTC_f8cf7
/usr/bin/cmake -E cmake_link_script CMakeFiles/cmTC_f8cf7.dir/link.txt --verbose=1
/usr/bin/c++       -v CMakeFiles/cmTC_f8cf7.dir/CMakeCXXCompilerABI.cpp.o  -o cmTC_f8cf7 -rdynamic  
Using built-in specs.
COLLECT_GCC=/usr/bin/c++
COLLECT_LTO_WRAPPER=/usr/lib/gcc/x86_64-linux-gnu/5/lto-wrapper
Target: x86_64-linux-gnu
Configured with: ../src/configure -v --with-pkgversion='Ubuntu 5.4.0-6ubuntu1~16.04.11' --with-bugurl=file:///usr/share/doc/gcc-5/README.Bugs --enable-languages=c,ada,c++,java,go,d,fortran,objc,obj-c++ --prefix=/usr --program-suffix=-5 --enable-shared --enable-linker-build-id --libexecdir=/usr/lib --without-included-gettext --enable-threads=posix --libdir=/usr/lib --enable-nls --with-sysroot=/ --enable-clocale=gnu --enable-libstdcxx-debug --enable-libstdcxx-time=yes --with-default-libstdcxx-abi=new --enable-gnu-unique-object --disable-vtable-verify --enable-libmpx --enable-plugin --with-system-zlib --disable-browser-plugin --enable-java-awt=gtk --enable-gtk-cairo --with-java-home=/usr/lib/jvm/java-1.5.0-gcj-5-amd64/jre --enable-java-home --with-jvm-root-dir=/usr/lib/jvm/java-1.5.0-gcj-5-amd64 --with-jvm-jar-dir=/usr/lib/jvm-exports/java-1.5.0-gcj-5-amd64 --with-arch-directory=amd64 --with-ecj-jar=/usr/share/java/eclipse-ecj.jar --enable-objc-gc --enable-multiarch --disable-werror --with-arch-32=i686 --with-abi=m64 --with-multilib-list=m32,m64,mx32 --enable-multilib --with-tune=generic --enable-checking=release --build=x86_64-linux-gnu --host=x86_64-linux-gnu --target=x86_64-linux-gnu
Thread model: posix
gcc version 5.4.0 20160609 (Ubuntu 5.4.0-6ubuntu1~16.04.11) 
COMPILER_PATH=/usr/lib/gcc/x86_64-linux-gnu/5/:/usr/lib/gcc/x86_64-linux-gnu/5/:/usr/lib/gcc/x86_64-linux-gnu/:/usr/lib/gcc/x86_64-linux-gnu/5/:/usr/lib/gcc/x86_64-linux-gnu/
LIBRARY_PATH=/usr/lib/gcc/x86_64-linux-gnu/5/:/usr/lib/gcc/x86_64-linux-gnu/5/../../../x86_64-linux-gnu/:/usr/lib/gcc/x86_64-linux-gnu/5/../../../../lib/:/lib/x86_64-linux-gnu/:/lib/../lib/:/usr/lib/x86_64-linux-gnu/:/usr/lib/../lib/:/usr/lib/gcc/x86_64-linux-gnu/5/../../../:/lib/:/usr/lib/
COLLECT_GCC_OPTIONS='-v' '-o' 'cmTC_f8cf7' '-rdynamic' '-shared-libgcc' '-mtune=generic' '-march=x86-64'
 /usr/lib/gcc/x86_64-linux-gnu/5/collect2 -plugin /usr/lib/gcc/x86_64-linux-gnu/5/liblto_plugin.so -plugin-opt=/usr/lib/gcc/x86_64-linux-gnu/5/lto-wrapper -plugin-opt=-fresolution=/tmp/ccShMMpQ.res -plugin-opt=-pass-through=-lgcc_s -plugin-opt=-pass-through=-lgcc -plugin-opt=-pass-through=-lc -plugin-opt=-pass-through=-lgcc_s -plugin-opt=-pass-through=-lgcc --sysroot=/ --build-id --eh-frame-hdr -m elf_x86_64 --hash-style=gnu --as-needed -export-dynamic -dynamic-linker /lib64/ld-linux-x86-64.so.2 -z relro -o cmTC_f8cf7 /usr/lib/gcc/x86_64-linux-gnu/5/../../../x86_64-linux-gnu/crt1.o /usr/lib/gcc/x86_64-linux-gnu/5/../../../x86_64-linux-gnu/crti.o /usr/lib/gcc/x86_64-linux-gnu/5/crtbegin.o -L/usr/lib/gcc/x86_64-linux-gnu/5 -L/usr/lib/gcc/x86_64-linux-gnu/5/../../../x86_64-linux-gnu -L/usr/lib/gcc/x86_64-linux-gnu/5/../../../../lib -L/lib/x86_64-linux-gnu -L/lib/../lib -L/usr/lib/x86_64-linux-gnu -L/usr/lib/../lib -L/usr/lib/gcc/x86_64-linux-gnu/5/../../.. CMakeFiles/cmTC_f8cf7.dir/CMakeCXXCompilerABI.cpp.o -lstdc++ -lm -lgcc_s -lgcc -lc -lgcc_s -lgcc /usr/lib/gcc/x86_64-linux-gnu/5/crtend.o /usr/lib/gcc/x86_64-linux-gnu/5/../../../x86_64-linux-gnu/crtn.o
make[1]: Leaving directory '/home/gdw/projects/SDDP/sddp_nuvo_app/3rdpart/glog-0.3.5/build/CMakeFiles/CMakeTmp'


Parsed CXX implicit link information from above output:
  link line regex: [^( *|.*[/\])(ld|([^/\]+-)?ld|collect2)[^/\]*( |$)]
  ignore line: [Change Dir: /home/gdw/projects/SDDP/sddp_nuvo_app/3rdpart/glog-0.3.5/build/CMakeFiles/CMakeTmp]
  ignore line: []
  ignore line: [Run Build Command:"/usr/bin/make" "cmTC_f8cf7/fast"]
  ignore line: [/usr/bin/make -f CMakeFiles/cmTC_f8cf7.dir/build.make CMakeFiles/cmTC_f8cf7.dir/build]
  ignore line: [make[1]: Entering directory '/home/gdw/projects/SDDP/sddp_nuvo_app/3rdpart/glog-0.3.5/build/CMakeFiles/CMakeTmp']
  ignore line: [Building CXX object CMakeFiles/cmTC_f8cf7.dir/CMakeCXXCompilerABI.cpp.o]
  ignore line: [/usr/bin/c++      -o CMakeFiles/cmTC_f8cf7.dir/CMakeCXXCompilerABI.cpp.o -c /usr/share/cmake-3.5/Modules/CMakeCXXCompilerABI.cpp]
  ignore line: [Linking CXX executable cmTC_f8cf7]
  ignore line: [/usr/bin/cmake -E cmake_link_script CMakeFiles/cmTC_f8cf7.dir/link.txt --verbose=1]
  ignore line: [/usr/bin/c++       -v CMakeFiles/cmTC_f8cf7.dir/CMakeCXXCompilerABI.cpp.o  -o cmTC_f8cf7 -rdynamic  ]
  ignore line: [Using built-in specs.]
  ignore line: [COLLECT_GCC=/usr/bin/c++]
  ignore line: [COLLECT_LTO_WRAPPER=/usr/lib/gcc/x86_64-linux-gnu/5/lto-wrapper]
  ignore line: [Target: x86_64-linux-gnu]
  ignore line: [Configured with: ../src/configure -v --with-pkgversion='Ubuntu 5.4.0-6ubuntu1~16.04.11' --with-bugurl=file:///usr/share/doc/gcc-5/README.Bugs --enable-languages=c,ada,c++,java,go,d,fortran,objc,obj-c++ --prefix=/usr --program-suffix=-5 --enable-shared --enable-linker-build-id --libexecdir=/usr/lib --without-included-gettext --enable-threads=posix --libdir=/usr/lib --enable-nls --with-sysroot=/ --enable-clocale=gnu --enable-libstdcxx-debug --enable-libstdcxx-time=yes --with-default-libstdcxx-abi=new --enable-gnu-unique-object --disable-vtable-verify --enable-libmpx --enable-plugin --with-system-zlib --disable-browser-plugin --enable-java-awt=gtk --enable-gtk-cairo --with-java-home=/usr/lib/jvm/java-1.5.0-gcj-5-amd64/jre --enable-java-home --with-jvm-root-dir=/usr/lib/jvm/java-1.5.0-gcj-5-amd64 --with-jvm-jar-dir=/usr/lib/jvm-exports/java-1.5.0-gcj-5-amd64 --with-arch-directory=amd64 --with-ecj-jar=/usr/share/java/eclipse-ecj.jar --enable-objc-gc --enable-multiarch --disable-werror --with-arch-32=i686 --with-abi=m64 --with-multilib-list=m32,m64,mx32 --enable-multilib --with-tune=generic --enable-checking=release --build=x86_64-linux-gnu --host=x86_64-linux-gnu --target=x86_64-linux-gnu]
  ignore line: [Thread model: posix]
  ignore line: [gcc version 5.4.0 20160609 (Ubuntu 5.4.0-6ubuntu1~16.04.11) ]
  ignore line: [COMPILER_PATH=/usr/lib/gcc/x86_64-linux-gnu/5/:/usr/lib/gcc/x86_64-linux-gnu/5/:/usr/lib/gcc/x86_64-linux-gnu/:/usr/lib/gcc/x86_64-linux-gnu/5/:/usr/lib/gcc/x86_64-linux-gnu/]
  ignore line: [LIBRARY_PATH=/usr/lib/gcc/x86_64-linux-gnu/5/:/usr/lib/gcc/x86_64-linux-gnu/5/../../../x86_64-linux-gnu/:/usr/lib/gcc/x86_64-linux-gnu/5/../../../../lib/:/lib/x86_64-linux-gnu/:/lib/../lib/:/usr/lib/x86_64-linux-gnu/:/usr/lib/../lib/:/usr/lib/gcc/x86_64-linux-gnu/5/../../../:/lib/:/usr/lib/]
  ignore line: [COLLECT_GCC_OPTIONS='-v' '-o' 'cmTC_f8cf7' '-rdynamic' '-shared-libgcc' '-mtune=generic' '-march=x86-64']
  link line: [ /usr/lib/gcc/x86_64-linux-gnu/5/collect2 -plugin /usr/lib/gcc/x86_64-linux-gnu/5/liblto_plugin.so -plugin-opt=/usr/lib/gcc/x86_64-linux-gnu/5/lto-wrapper -plugin-opt=-fresolution=/tmp/ccShMMpQ.res -plugin-opt=-pass-through=-lgcc_s -plugin-opt=-pass-through=-lgcc -plugin-opt=-pass-through=-lc -plugin-opt=-pass-through=-lgcc_s -plugin-opt=-pass-through=-lgcc --sysroot=/ --build-id --eh-frame-hdr -m elf_x86_64 --hash-style=gnu --as-needed -export-dynamic -dynamic-linker /lib64/ld-linux-x86-64.so.2 -z relro -o cmTC_f8cf7 /usr/lib/gcc/x86_64-linux-gnu/5/../../../x86_64-linux-gnu/crt1.o /usr/lib/gcc/x86_64-linux-gnu/5/../../../x86_64-linux-gnu/crti.o /usr/lib/gcc/x86_64-linux-gnu/5/crtbegin.o -L/usr/lib/gcc/x86_64-linux-gnu/5 -L/usr/lib/gcc/x86_64-linux-gnu/5/../../../x86_64-linux-gnu -L/usr/lib/gcc/x86_64-linux-gnu/5/../../../../lib -L/lib/x86_64-linux-gnu -L/lib/../lib -L/usr/lib/x86_64-linux-gnu -L/usr/lib/../lib -L/usr/lib/gcc/x86_64-linux-gnu/5/../../.. CMakeFiles/cmTC_f8cf7.dir/CMakeCXXCompilerABI.cpp.o -lstdc++ -lm -lgcc_s -lgcc -lc -lgcc_s -lgcc /usr/lib/gcc/x86_64-linux-gnu/5/crtend.o /usr/lib/gcc/x86_64-linux-gnu/5/../../../x86_64-linux-gnu/crtn.o]
    arg [/usr/lib/gcc/x86_64-linux-gnu/5/collect2] ==> ignore
    arg [-plugin] ==> ignore
    arg [/usr/lib/gcc/x86_64-linux-gnu/5/liblto_plugin.so] ==> ignore
    arg [-plugin-opt=/usr/lib/gcc/x86_64-linux-gnu/5/lto-wrapper] ==> ignore
    arg [-plugin-opt=-fresolution=/tmp/ccShMMpQ.res] ==> ignore
    arg [-plugin-opt=-pass-through=-lgcc_s] ==> ignore
    arg [-plugin-opt=-pass-through=-lgcc] ==> ignore
    arg [-plugin-opt=-pass-through=-lc] ==> ignore
    arg [-plugin-opt=-pass-through=-lgcc_s] ==> ignore
    arg [-plugin-opt=-pass-through=-lgcc] ==> ignore
    arg [--sysroot=/] ==> ignore
    arg [--build-id] ==> ignore
    arg [--eh-frame-hdr] ==> ignore
    arg [-m] ==> ignore
    arg [elf_x86_64] ==> ignore
    arg [--hash-style=gnu] ==> ignore
    arg [--as-needed] ==> ignore
    arg [-export-dynamic] ==> ignore
    arg [-dynamic-linker] ==> ignore
    arg [/lib64/ld-linux-x86-64.so.2] ==> ignore
    arg [-zrelro] ==> ignore
    arg [-o] ==> ignore
    arg [cmTC_f8cf7] ==> ignore
    arg [/usr/lib/gcc/x86_64-linux-gnu/5/../../../x86_64-linux-gnu/crt1.o] ==> ignore
    arg [/usr/lib/gcc/x86_64-linux-gnu/5/../../../x86_64-linux-gnu/crti.o] ==> ignore
    arg [/usr/lib/gcc/x86_64-linux-gnu/5/crtbegin.o] ==> ignore
    arg [-L/usr/lib/gcc/x86_64-linux-gnu/5] ==> dir [/usr/lib/gcc/x86_64-linux-gnu/5]
    arg [-L/usr/lib/gcc/x86_64-linux-gnu/5/../../../x86_64-linux-gnu] ==> dir [/usr/lib/gcc/x86_64-linux-gnu/5/../../../x86_64-linux-gnu]
    arg [-L/usr/lib/gcc/x86_64-linux-gnu/5/../../../../lib] ==> dir [/usr/lib/gcc/x86_64-linux-gnu/5/../../../../lib]
    arg [-L/lib/x86_64-linux-gnu] ==> dir [/lib/x86_64-linux-gnu]
    arg [-L/lib/../lib] ==> dir [/lib/../lib]
    arg [-L/usr/lib/x86_64-linux-gnu] ==> dir [/usr/lib/x86_64-linux-gnu]
    arg [-L/usr/lib/../lib] ==> dir [/usr/lib/../lib]
    arg [-L/usr/lib/gcc/x86_64-linux-gnu/5/../../..] ==> dir [/usr/lib/gcc/x86_64-linux-gnu/5/../../..]
    arg [CMakeFiles/cmTC_f8cf7.dir/CMakeCXXCompilerABI.cpp.o] ==> ignore
    arg [-lstdc++] ==> lib [stdc++]
    arg [-lm] ==> lib [m]
    arg [-lgcc_s] ==> lib [gcc_s]
    arg [-lgcc] ==> lib [gcc]
    arg [-lc] ==> lib [c]
    arg [-lgcc_s] ==> lib [gcc_s]
    arg [-lgcc] ==> lib [gcc]
    arg [/usr/lib/gcc/x86_64-linux-gnu/5/crtend.o] ==> ignore
    arg [/usr/lib/gcc/x86_64-linux-gnu/5/../../../x86_64-linux-gnu/crtn.o] ==> ignore
  remove lib [gcc_s]
  remove lib [gcc]
  remove lib [gcc_s]
  remove lib [gcc]
  collapse library dir [/usr/lib/gcc/x86_64-linux-gnu/5] ==> [/usr/lib/gcc/x86_64-linux-gnu/5]
  collapse library dir [/usr/lib/gcc/x86_64-linux-gnu/5/../../../x86_64-linux-gnu] ==> [/usr/lib/x86_64-linux-gnu]
  collapse library dir [/usr/lib/gcc/x86_64-linux-gnu/5/../../../../lib] ==> [/usr/lib]
  collapse library dir [/lib/x86_64-linux-gnu] ==> [/lib/x86_64-linux-gnu]
  collapse library dir [/lib/../lib] ==> [/lib]
  collapse library dir [/usr/lib/x86_64-linux-gnu] ==> [/usr/lib/x86_64-linux-gnu]
  collapse library dir [/usr/lib/../lib] ==> [/usr/lib]
  collapse library dir [/usr/lib/gcc/x86_64-linux-gnu/5/../../..] ==> [/usr/lib]
  implicit libs: [stdc++;m;c]
  implicit dirs: [/usr/lib/gcc/x86_64-linux-gnu/5;/usr/lib/x86_64-linux-gnu;/usr/lib;/lib/x86_64-linux-gnu;/lib]
  implicit fwks: []




Detecting CXX [-std=c++14] compiler features compiled with the following output:
Change Dir: /home/gdw/projects/SDDP/sddp_nuvo_app/3rdpart/glog-0.3.5/build/CMakeFiles/CMakeTmp

Run Build Command:"/usr/bin/make" "cmTC_516e3/fast"
/usr/bin/make -f CMakeFiles/cmTC_516e3.dir/build.make CMakeFiles/cmTC_516e3.dir/build
make[1]: Entering directory '/home/gdw/projects/SDDP/sddp_nuvo_app/3rdpart/glog-0.3.5/build/CMakeFiles/CMakeTmp'
Building CXX object CMakeFiles/cmTC_516e3.dir/feature_tests.cxx.o
/usr/bin/c++     -std=c++14 -o CMakeFiles/cmTC_516e3.dir/feature_tests.cxx.o -c /home/gdw/projects/SDDP/sddp_nuvo_app/3rdpart/glog-0.3.5/build/CMakeFiles/feature_tests.cxx
Linking CXX executable cmTC_516e3
/usr/bin/cmake -E cmake_link_script CMakeFiles/cmTC_516e3.dir/link.txt --verbose=1
/usr/bin/c++        CMakeFiles/cmTC_516e3.dir/feature_tests.cxx.o  -o cmTC_516e3 -rdynamic 
make[1]: Leaving directory '/home/gdw/projects/SDDP/sddp_nuvo_app/3rdpart/glog-0.3.5/build/CMakeFiles/CMakeTmp'


    Feature record: CXX_FEATURE:1cxx_aggregate_default_initializers
    Feature record: CXX_FEATURE:1cxx_alias_templates
    Feature record: CXX_FEATURE:1cxx_alignas
    Feature record: CXX_FEATURE:1cxx_alignof
    Feature record: CXX_FEATURE:1cxx_attributes
    Feature record: CXX_FEATURE:1cxx_attribute_deprecated
    Feature record: CXX_FEATURE:1cxx_auto_type
    Feature record: CXX_FEATURE:1cxx_binary_literals
    Feature record: CXX_FEATURE:1cxx_constexpr
    Feature record: CXX_FEATURE:1cxx_contextual_conversions
    Feature record: CXX_FEATURE:1cxx_decltype
    Feature record: CXX_FEATURE:1cxx_decltype_auto
    Feature record: CXX_FEATURE:1cxx_decltype_incomplete_return_types
    Feature record: CXX_FEATURE:1cxx_default_function_template_args
    Feature record: CXX_FEATURE:1cxx_defaulted_functions
    Feature record: CXX_FEATURE:1cxx_defaulted_move_initializers
    Feature record: CXX_FEATURE:1cxx_delegating_constructors
    Feature record: CXX_FEATURE:1cxx_deleted_functions
    Feature record: CXX_FEATURE:1cxx_digit_separators
    Feature record: CXX_FEATURE:1cxx_enum_forward_declarations
    Feature record: CXX_FEATURE:1cxx_explicit_conversions
    Feature record: CXX_FEATURE:1cxx_extended_friend_declarations
    Feature record: CXX_FEATURE:1cxx_extern_templates
    Feature record: CXX_FEATURE:1cxx_final
    Feature record: CXX_FEATURE:1cxx_func_identifier
    Feature record: CXX_FEATURE:1cxx_generalized_initializers
    Feature record: CXX_FEATURE:1cxx_generic_lambdas
    Feature record: CXX_FEATURE:1cxx_inheriting_constructors
    Feature record: CXX_FEATURE:1cxx_inline_namespaces
    Feature record: CXX_FEATURE:1cxx_lambdas
    Feature record: CXX_FEATURE:1cxx_lambda_init_captures
    Feature record: CXX_FEATURE:1cxx_local_type_template_args
    Feature record: CXX_FEATURE:1cxx_long_long_type
    Feature record: CXX_FEATURE:1cxx_noexcept
    Feature record: CXX_FEATURE:1cxx_nonstatic_member_init
    Feature record: CXX_FEATURE:1cxx_nullptr
    Feature record: CXX_FEATURE:1cxx_override
    Feature record: CXX_FEATURE:1cxx_range_for
    Feature record: CXX_FEATURE:1cxx_raw_string_literals
    Feature record: CXX_FEATURE:1cxx_reference_qualified_functions
    Feature record: CXX_FEATURE:1cxx_relaxed_constexpr
    Feature record: CXX_FEATURE:1cxx_return_type_deduction
    Feature record: CXX_FEATURE:1cxx_right_angle_brackets
    Feature record: CXX_FEATURE:1cxx_rvalue_references
    Feature record: CXX_FEATURE:1cxx_sizeof_member
    Feature record: CXX_FEATURE:1cxx_static_assert
    Feature record: CXX_FEATURE:1cxx_strong_enums
    Feature record: CXX_FEATURE:1cxx_template_template_parameters
    Feature record: CXX_FEATURE:1cxx_thread_local
    Feature record: CXX_FEATURE:1cxx_trailing_return_types
    Feature record: CXX_FEATURE:1cxx_unicode_literals
    Feature record: CXX_FEATURE:1cxx_uniform_initialization
    Feature record: CXX_FEATURE:1cxx_unrestricted_unions
    Feature record: CXX_FEATURE:1cxx_user_literals
    Feature record: CXX_FEATURE:1cxx_variable_templates
    Feature record: CXX_FEATURE:1cxx_variadic_macros
    Feature record: CXX_FEATURE:1cxx_variadic_templates


Detecting CXX [-std=c++11] compiler features compiled with the following output:
Change Dir: /home/gdw/projects/SDDP/sddp_nuvo_app/3rdpart/glog-0.3.5/build/CMakeFiles/CMakeTmp

Run Build Command:"/usr/bin/make" "cmTC_a3f4e/fast"
/usr/bin/make -f CMakeFiles/cmTC_a3f4e.dir/build.make CMakeFiles/cmTC_a3f4e.dir/build
make[1]: Entering directory '/home/gdw/projects/SDDP/sddp_nuvo_app/3rdpart/glog-0.3.5/build/CMakeFiles/CMakeTmp'
Building CXX object CMakeFiles/cmTC_a3f4e.dir/feature_tests.cxx.o
/usr/bin/c++     -std=c++11 -o CMakeFiles/cmTC_a3f4e.dir/feature_tests.cxx.o -c /home/gdw/projects/SDDP/sddp_nuvo_app/3rdpart/glog-0.3.5/build/CMakeFiles/feature_tests.cxx
Linking CXX executable cmTC_a3f4e
/usr/bin/cmake -E cmake_link_script CMakeFiles/cmTC_a3f4e.dir/link.txt --verbose=1
/usr/bin/c++        CMakeFiles/cmTC_a3f4e.dir/feature_tests.cxx.o  -o cmTC_a3f4e -rdynamic 
make[1]: Leaving directory '/home/gdw/projects/SDDP/sddp_nuvo_app/3rdpart/glog-0.3.5/build/CMakeFiles/CMakeTmp'


    Feature record: CXX_FEATURE:0cxx_aggregate_default_initializers
    Feature record: CXX_FEATURE:1cxx_alias_templates
    Feature record: CXX_FEATURE:1cxx_alignas
    Feature record: CXX_FEATURE:1cxx_alignof
    Feature record: CXX_FEATURE:1cxx_attributes
    Feature record: CXX_FEATURE:0cxx_attribute_deprecated
    Feature record: CXX_FEATURE:1cxx_auto_type
    Feature record: CXX_FEATURE:0cxx_binary_literals
    Feature record: CXX_FEATURE:1cxx_constexpr
    Feature record: CXX_FEATURE:0cxx_contextual_conversions
    Feature record: CXX_FEATURE:1cxx_decltype
    Feature record: CXX_FEATURE:0cxx_decltype_auto
    Feature record: CXX_FEATURE:1cxx_decltype_incomplete_return_types
    Feature record: CXX_FEATURE:1cxx_default_function_template_args
    Feature record: CXX_FEATURE:1cxx_defaulted_functions
    Feature record: CXX_FEATURE:1cxx_defaulted_move_initializers
    Feature record: CXX_FEATURE:1cxx_delegating_constructors
    Feature record: CXX_FEATURE:1cxx_deleted_functions
    Feature record: CXX_FEATURE:0cxx_digit_separators
    Feature record: CXX_FEATURE:1cxx_enum_forward_declarations
    Feature record: CXX_FEATURE:1cxx_explicit_conversions
    Feature record: CXX_FEATURE:1cxx_extended_friend_declarations
    Feature record: CXX_FEATURE:1cxx_extern_templates
    Feature record: CXX_FEATURE:1cxx_final
    Feature record: CXX_FEATURE:1cxx_func_identifier
    Feature record: CXX_FEATURE:1cxx_generalized_initializers
    Feature record: CXX_FEATURE:0cxx_generic_lambdas
    Feature record: CXX_FEATURE:1cxx_inheriting_constructors
    Feature record: CXX_FEATURE:1cxx_inline_namespaces
    Feature record: CXX_FEATURE:1cxx_lambdas
    Feature record: CXX_FEATURE:0cxx_lambda_init_captures
    Feature record: CXX_FEATURE:1cxx_local_type_template_args
    Feature record: CXX_FEATURE:1cxx_long_long_type
    Feature record: CXX_FEATURE:1cxx_noexcept
    Feature record: CXX_FEATURE:1cxx_nonstatic_member_init
    Feature record: CXX_FEATURE:1cxx_nullptr
    Feature record: CXX_FEATURE:1cxx_override
    Feature record: CXX_FEATURE:1cxx_range_for
    Feature record: CXX_FEATURE:1cxx_raw_string_literals
    Feature record: CXX_FEATURE:1cxx_reference_qualified_functions
    Feature record: CXX_FEATURE:0cxx_relaxed_constexpr
    Feature record: CXX_FEATURE:0cxx_return_type_deduction
    Feature record: CXX_FEATURE:1cxx_right_angle_brackets
    Feature record: CXX_FEATURE:1cxx_rvalue_references
    Feature record: CXX_FEATURE:1cxx_sizeof_member
    Feature record: CXX_FEATURE:1cxx_static_assert
    Feature record: CXX_FEATURE:1cxx_strong_enums
    Feature record: CXX_FEATURE:1cxx_template_template_parameters
    Feature record: CXX_FEATURE:1cxx_thread_local
    Feature record: CXX_FEATURE:1cxx_trailing_return_types
    Feature record: CXX_FEATURE:1cxx_unicode_literals
    Feature record: CXX_FEATURE:1cxx_uniform_initialization
    Feature record: CXX_FEATURE:1cxx_unrestricted_unions
    Feature record: CXX_FEATURE:1cxx_user_literals
    Feature record: CXX_FEATURE:0cxx_variable_templates
    Feature record: CXX_FEATURE:1cxx_variadic_macros
    Feature record: CXX_FEATURE:1cxx_variadic_templates


Detecting CXX [-std=c++98] compiler features compiled with the following output:
Change Dir: /home/gdw/projects/SDDP/sddp_nuvo_app/3rdpart/glog-0.3.5/build/CMakeFiles/CMakeTmp

Run Build Command:"/usr/bin/make" "cmTC_ef53c/fast"
/usr/bin/make -f CMakeFiles/cmTC_ef53c.dir/build.make CMakeFiles/cmTC_ef53c.dir/build
make[1]: Entering directory '/home/gdw/projects/SDDP/sddp_nuvo_app/3rdpart/glog-0.3.5/build/CMakeFiles/CMakeTmp'
Building CXX object CMakeFiles/cmTC_ef53c.dir/feature_tests.cxx.o
/usr/bin/c++     -std=c++98 -o CMakeFiles/cmTC_ef53c.dir/feature_tests.cxx.o -c /home/gdw/projects/SDDP/sddp_nuvo_app/3rdpart/glog-0.3.5/build/CMakeFiles/feature_tests.cxx
Linking CXX executable cmTC_ef53c
/usr/bin/cmake -E cmake_link_script CMakeFiles/cmTC_ef53c.dir/link.txt --verbose=1
/usr/bin/c++        CMakeFiles/cmTC_ef53c.dir/feature_tests.cxx.o  -o cmTC_ef53c -rdynamic 
make[1]: Leaving directory '/home/gdw/projects/SDDP/sddp_nuvo_app/3rdpart/glog-0.3.5/build/CMakeFiles/CMakeTmp'


    Feature record: CXX_FEATURE:0cxx_aggregate_default_initializers
    Feature record: CXX_FEATURE:0cxx_alias_templates
    Feature record: CXX_FEATURE:0cxx_alignas
    Feature record: CXX_FEATURE:0cxx_alignof
    Feature record: CXX_FEATURE:0cxx_attributes
    Feature record: CXX_FEATURE:0cxx_attribute_deprecated
    Feature record: CXX_FEATURE:0cxx_auto_type
    Feature record: CXX_FEATURE:0cxx_binary_literals
    Feature record: CXX_FEATURE:0cxx_constexpr
    Feature record: CXX_FEATURE:0cxx_contextual_conversions
    Feature record: CXX_FEATURE:0cxx_decltype
    Feature record: CXX_FEATURE:0cxx_decltype_auto
    Feature record: CXX_FEATURE:0cxx_decltype_incomplete_return_types
    Feature record: CXX_FEATURE:0cxx_default_function_template_args
    Feature record: CXX_FEATURE:0cxx_defaulted_functions
    Feature record: CXX_FEATURE:0cxx_defaulted_move_initializers
    Feature record: CXX_FEATURE:0cxx_delegating_constructors
    Feature record: CXX_FEATURE:0cxx_deleted_functions
    Feature record: CXX_FEATURE:0cxx_digit_separators
    Feature record: CXX_FEATURE:0cxx_enum_forward_declarations
    Feature record: CXX_FEATURE:0cxx_explicit_conversions
    Feature record: CXX_FEATURE:0cxx_extended_friend_declarations
    Feature record: CXX_FEATURE:0cxx_extern_templates
    Feature record: CXX_FEATURE:0cxx_final
    Feature record: CXX_FEATURE:0cxx_func_identifier
    Feature record: CXX_FEATURE:0cxx_generalized_initializers
    Feature record: CXX_FEATURE:0cxx_generic_lambdas
    Feature record: CXX_FEATURE:0cxx_inheriting_constructors
    Feature record: CXX_FEATURE:0cxx_inline_namespaces
    Feature record: CXX_FEATURE:0cxx_lambdas
    Feature record: CXX_FEATURE:0cxx_lambda_init_captures
    Feature record: CXX_FEATURE:0cxx_local_type_template_args
    Feature record: CXX_FEATURE:0cxx_long_long_type
    Feature record: CXX_FEATURE:0cxx_noexcept
    Feature record: CXX_FEATURE:0cxx_nonstatic_member_init
    Feature record: CXX_FEATURE:0cxx_nullptr
    Feature record: CXX_FEATURE:0cxx_override
    Feature record: CXX_FEATURE:0cxx_range_for
    Feature record: CXX_FEATURE:0cxx_raw_string_literals
    Feature record: CXX_FEATURE:0cxx_reference_qualified_functions
    Feature record: CXX_FEATURE:0cxx_relaxed_constexpr
    Feature record: CXX_FEATURE:0cxx_return_type_deduction
    Feature record: CXX_FEATURE:0cxx_right_angle_brackets
    Feature record: CXX_FEATURE:0cxx_rvalue_references
    Feature record: CXX_FEATURE:0cxx_sizeof_member
    Feature record: CXX_FEATURE:0cxx_static_assert
    Feature record: CXX_FEATURE:0cxx_strong_enums
    Feature record: CXX_FEATURE:1cxx_template_template_parameters
    Feature record: CXX_FEATURE:0cxx_thread_local
    Feature record: CXX_FEATURE:0cxx_trailing_return_types
    Feature record: CXX_FEATURE:0cxx_unicode_literals
    Feature record: CXX_FEATURE:0cxx_uniform_initialization
    Feature record: CXX_FEATURE:0cxx_unrestricted_unions
    Feature record: CXX_FEATURE:0cxx_user_literals
    Feature record: CXX_FEATURE:0cxx_variable_templates
    Feature record: CXX_FEATURE:0cxx_variadic_macros
    Feature record: CXX_FEATURE:0cxx_variadic_templates
Determining if the include file pthread.h exists passed with the following output:
Change Dir: /home/gdw/projects/SDDP/sddp_nuvo_app/3rdpart/glog-0.3.5/build/CMakeFiles/CMakeTmp

Run Build Command:"/usr/bin/make" "cmTC_650ac/fast"
/usr/bin/make -f CMakeFiles/cmTC_650ac.dir/build.make CMakeFiles/cmTC_650ac.dir/build
make[1]: Entering directory '/home/gdw/projects/SDDP/sddp_nuvo_app/3rdpart/glog-0.3.5/build/CMakeFiles/CMakeTmp'
Building C object CMakeFiles/cmTC_650ac.dir/CheckIncludeFile.c.o
/usr/bin/cc     -o CMakeFiles/cmTC_650ac.dir/CheckIncludeFile.c.o   -c /home/gdw/projects/SDDP/sddp_nuvo_app/3rdpart/glog-0.3.5/build/CMakeFiles/CMakeTmp/CheckIncludeFile.c
Linking C executable cmTC_650ac
/usr/bin/cmake -E cmake_link_script CMakeFiles/cmTC_650ac.dir/link.txt --verbose=1
/usr/bin/cc       CMakeFiles/cmTC_650ac.dir/CheckIncludeFile.c.o  -o cmTC_650ac -rdynamic 
make[1]: Leaving directory '/home/gdw/projects/SDDP/sddp_nuvo_app/3rdpart/glog-0.3.5/build/CMakeFiles/CMakeTmp'


Determining if the function pthread_create exists in the pthread passed with the following output:
Change Dir: /home/gdw/projects/SDDP/sddp_nuvo_app/3rdpart/glog-0.3.5/build/CMakeFiles/CMakeTmp

Run Build Command:"/usr/bin/make" "cmTC_0eeab/fast"
/usr/bin/make -f CMakeFiles/cmTC_0eeab.dir/build.make CMakeFiles/cmTC_0eeab.dir/build
make[1]: Entering directory '/home/gdw/projects/SDDP/sddp_nuvo_app/3rdpart/glog-0.3.5/build/CMakeFiles/CMakeTmp'
Building C object CMakeFiles/cmTC_0eeab.dir/CheckFunctionExists.c.o
/usr/bin/cc    -DCHECK_FUNCTION_EXISTS=pthread_create   -o CMakeFiles/cmTC_0eeab.dir/CheckFunctionExists.c.o   -c /usr/share/cmake-3.5/Modules/CheckFunctionExists.c
Linking C executable cmTC_0eeab
/usr/bin/cmake -E cmake_link_script CMakeFiles/cmTC_0eeab.dir/link.txt --verbose=1
/usr/bin/cc   -DCHECK_FUNCTION_EXISTS=pthread_create    CMakeFiles/cmTC_0eeab.dir/CheckFunctionExists.c.o  -o cmTC_0eeab -rdynamic -lpthread 
make[1]: Leaving directory '/home/gdw/projects/SDDP/sddp_nuvo_app/3rdpart/glog-0.3.5/build/CMakeFiles/CMakeTmp'


Determining if the include file dlfcn.h exists passed with the following output:
Change Dir: /home/gdw/projects/SDDP/sddp_nuvo_app/3rdpart/glog-0.3.5/build/CMakeFiles/CMakeTmp

Run Build Command:"/usr/bin/make" "cmTC_82f1b/fast"
/usr/bin/make -f CMakeFiles/cmTC_82f1b.dir/build.make CMakeFiles/cmTC_82f1b.dir/build
make[1]: Entering directory '/home/gdw/projects/SDDP/sddp_nuvo_app/3rdpart/glog-0.3.5/build/CMakeFiles/CMakeTmp'
Building C object CMakeFiles/cmTC_82f1b.dir/CheckIncludeFile.c.o
/usr/bin/cc     -o CMakeFiles/cmTC_82f1b.dir/CheckIncludeFile.c.o   -c /home/gdw/projects/SDDP/sddp_nuvo_app/3rdpart/glog-0.3.5/build/CMakeFiles/CMakeTmp/CheckIncludeFile.c
Linking C executable cmTC_82f1b
/usr/bin/cmake -E cmake_link_script CMakeFiles/cmTC_82f1b.dir/link.txt --verbose=1
/usr/bin/cc       CMakeFiles/cmTC_82f1b.dir/CheckIncludeFile.c.o  -o cmTC_82f1b -rdynamic 
make[1]: Leaving directory '/home/gdw/projects/SDDP/sddp_nuvo_app/3rdpart/glog-0.3.5/build/CMakeFiles/CMakeTmp'


Determining if the include file execinfo.h exists passed with the following output:
Change Dir: /home/gdw/projects/SDDP/sddp_nuvo_app/3rdpart/glog-0.3.5/build/CMakeFiles/CMakeTmp

Run Build Command:"/usr/bin/make" "cmTC_81848/fast"
/usr/bin/make -f CMakeFiles/cmTC_81848.dir/build.make CMakeFiles/cmTC_81848.dir/build
make[1]: Entering directory '/home/gdw/projects/SDDP/sddp_nuvo_app/3rdpart/glog-0.3.5/build/CMakeFiles/CMakeTmp'
Building C object CMakeFiles/cmTC_81848.dir/CheckIncludeFile.c.o
/usr/bin/cc     -o CMakeFiles/cmTC_81848.dir/CheckIncludeFile.c.o   -c /home/gdw/projects/SDDP/sddp_nuvo_app/3rdpart/glog-0.3.5/build/CMakeFiles/CMakeTmp/CheckIncludeFile.c
Linking C executable cmTC_81848
/usr/bin/cmake -E cmake_link_script CMakeFiles/cmTC_81848.dir/link.txt --verbose=1
/usr/bin/cc       CMakeFiles/cmTC_81848.dir/CheckIncludeFile.c.o  -o cmTC_81848 -rdynamic 
make[1]: Leaving directory '/home/gdw/projects/SDDP/sddp_nuvo_app/3rdpart/glog-0.3.5/build/CMakeFiles/CMakeTmp'


Determining if the include file glob.h exists passed with the following output:
Change Dir: /home/gdw/projects/SDDP/sddp_nuvo_app/3rdpart/glog-0.3.5/build/CMakeFiles/CMakeTmp

Run Build Command:"/usr/bin/make" "cmTC_739a2/fast"
/usr/bin/make -f CMakeFiles/cmTC_739a2.dir/build.make CMakeFiles/cmTC_739a2.dir/build
make[1]: Entering directory '/home/gdw/projects/SDDP/sddp_nuvo_app/3rdpart/glog-0.3.5/build/CMakeFiles/CMakeTmp'
Building C object CMakeFiles/cmTC_739a2.dir/CheckIncludeFile.c.o
/usr/bin/cc     -o CMakeFiles/cmTC_739a2.dir/CheckIncludeFile.c.o   -c /home/gdw/projects/SDDP/sddp_nuvo_app/3rdpart/glog-0.3.5/build/CMakeFiles/CMakeTmp/CheckIncludeFile.c
Linking C executable cmTC_739a2
/usr/bin/cmake -E cmake_link_script CMakeFiles/cmTC_739a2.dir/link.txt --verbose=1
/usr/bin/cc       CMakeFiles/cmTC_739a2.dir/CheckIncludeFile.c.o  -o cmTC_739a2 -rdynamic 
make[1]: Leaving directory '/home/gdw/projects/SDDP/sddp_nuvo_app/3rdpart/glog-0.3.5/build/CMakeFiles/CMakeTmp'


Determining if the include file inttypes.h exists passed with the following output:
Change Dir: /home/gdw/projects/SDDP/sddp_nuvo_app/3rdpart/glog-0.3.5/build/CMakeFiles/CMakeTmp

Run Build Command:"/usr/bin/make" "cmTC_d32bd/fast"
/usr/bin/make -f CMakeFiles/cmTC_d32bd.dir/build.make CMakeFiles/cmTC_d32bd.dir/build
make[1]: Entering directory '/home/gdw/projects/SDDP/sddp_nuvo_app/3rdpart/glog-0.3.5/build/CMakeFiles/CMakeTmp'
Building C object CMakeFiles/cmTC_d32bd.dir/CheckIncludeFile.c.o
/usr/bin/cc     -o CMakeFiles/cmTC_d32bd.dir/CheckIncludeFile.c.o   -c /home/gdw/projects/SDDP/sddp_nuvo_app/3rdpart/glog-0.3.5/build/CMakeFiles/CMakeTmp/CheckIncludeFile.c
Linking C executable cmTC_d32bd
/usr/bin/cmake -E cmake_link_script CMakeFiles/cmTC_d32bd.dir/link.txt --verbose=1
/usr/bin/cc       CMakeFiles/cmTC_d32bd.dir/CheckIncludeFile.c.o  -o cmTC_d32bd -rdynamic 
make[1]: Leaving directory '/home/gdw/projects/SDDP/sddp_nuvo_app/3rdpart/glog-0.3.5/build/CMakeFiles/CMakeTmp'


Determining if the include file memory.h exists passed with the following output:
Change Dir: /home/gdw/projects/SDDP/sddp_nuvo_app/3rdpart/glog-0.3.5/build/CMakeFiles/CMakeTmp

Run Build Command:"/usr/bin/make" "cmTC_f24b2/fast"
/usr/bin/make -f CMakeFiles/cmTC_f24b2.dir/build.make CMakeFiles/cmTC_f24b2.dir/build
make[1]: Entering directory '/home/gdw/projects/SDDP/sddp_nuvo_app/3rdpart/glog-0.3.5/build/CMakeFiles/CMakeTmp'
Building C object CMakeFiles/cmTC_f24b2.dir/CheckIncludeFile.c.o
/usr/bin/cc     -o CMakeFiles/cmTC_f24b2.dir/CheckIncludeFile.c.o   -c /home/gdw/projects/SDDP/sddp_nuvo_app/3rdpart/glog-0.3.5/build/CMakeFiles/CMakeTmp/CheckIncludeFile.c
Linking C executable cmTC_f24b2
/usr/bin/cmake -E cmake_link_script CMakeFiles/cmTC_f24b2.dir/link.txt --verbose=1
/usr/bin/cc       CMakeFiles/cmTC_f24b2.dir/CheckIncludeFile.c.o  -o cmTC_f24b2 -rdynamic 
make[1]: Leaving directory '/home/gdw/projects/SDDP/sddp_nuvo_app/3rdpart/glog-0.3.5/build/CMakeFiles/CMakeTmp'


Determining if the include file pwd.h exists passed with the following output:
Change Dir: /home/gdw/projects/SDDP/sddp_nuvo_app/3rdpart/glog-0.3.5/build/CMakeFiles/CMakeTmp

Run Build Command:"/usr/bin/make" "cmTC_eab81/fast"
/usr/bin/make -f CMakeFiles/cmTC_eab81.dir/build.make CMakeFiles/cmTC_eab81.dir/build
make[1]: Entering directory '/home/gdw/projects/SDDP/sddp_nuvo_app/3rdpart/glog-0.3.5/build/CMakeFiles/CMakeTmp'
Building C object CMakeFiles/cmTC_eab81.dir/CheckIncludeFile.c.o
/usr/bin/cc     -o CMakeFiles/cmTC_eab81.dir/CheckIncludeFile.c.o   -c /home/gdw/projects/SDDP/sddp_nuvo_app/3rdpart/glog-0.3.5/build/CMakeFiles/CMakeTmp/CheckIncludeFile.c
Linking C executable cmTC_eab81
/usr/bin/cmake -E cmake_link_script CMakeFiles/cmTC_eab81.dir/link.txt --verbose=1
/usr/bin/cc       CMakeFiles/cmTC_eab81.dir/CheckIncludeFile.c.o  -o cmTC_eab81 -rdynamic 
make[1]: Leaving directory '/home/gdw/projects/SDDP/sddp_nuvo_app/3rdpart/glog-0.3.5/build/CMakeFiles/CMakeTmp'


Determining if the include file stdint.h exists passed with the following output:
Change Dir: /home/gdw/projects/SDDP/sddp_nuvo_app/3rdpart/glog-0.3.5/build/CMakeFiles/CMakeTmp

Run Build Command:"/usr/bin/make" "cmTC_46d0f/fast"
/usr/bin/make -f CMakeFiles/cmTC_46d0f.dir/build.make CMakeFiles/cmTC_46d0f.dir/build
make[1]: Entering directory '/home/gdw/projects/SDDP/sddp_nuvo_app/3rdpart/glog-0.3.5/build/CMakeFiles/CMakeTmp'
Building C object CMakeFiles/cmTC_46d0f.dir/CheckIncludeFile.c.o
/usr/bin/cc     -o CMakeFiles/cmTC_46d0f.dir/CheckIncludeFile.c.o   -c /home/gdw/projects/SDDP/sddp_nuvo_app/3rdpart/glog-0.3.5/build/CMakeFiles/CMakeTmp/CheckIncludeFile.c
Linking C executable cmTC_46d0f
/usr/bin/cmake -E cmake_link_script CMakeFiles/cmTC_46d0f.dir/link.txt --verbose=1
/usr/bin/cc       CMakeFiles/cmTC_46d0f.dir/CheckIncludeFile.c.o  -o cmTC_46d0f -rdynamic 
make[1]: Leaving directory '/home/gdw/projects/SDDP/sddp_nuvo_app/3rdpart/glog-0.3.5/build/CMakeFiles/CMakeTmp'


Determining if the include file stdlib.h exists passed with the following output:
Change Dir: /home/gdw/projects/SDDP/sddp_nuvo_app/3rdpart/glog-0.3.5/build/CMakeFiles/CMakeTmp

Run Build Command:"/usr/bin/make" "cmTC_43f71/fast"
/usr/bin/make -f CMakeFiles/cmTC_43f71.dir/build.make CMakeFiles/cmTC_43f71.dir/build
make[1]: Entering directory '/home/gdw/projects/SDDP/sddp_nuvo_app/3rdpart/glog-0.3.5/build/CMakeFiles/CMakeTmp'
Building C object CMakeFiles/cmTC_43f71.dir/CheckIncludeFile.c.o
/usr/bin/cc     -o CMakeFiles/cmTC_43f71.dir/CheckIncludeFile.c.o   -c /home/gdw/projects/SDDP/sddp_nuvo_app/3rdpart/glog-0.3.5/build/CMakeFiles/CMakeTmp/CheckIncludeFile.c
Linking C executable cmTC_43f71
/usr/bin/cmake -E cmake_link_script CMakeFiles/cmTC_43f71.dir/link.txt --verbose=1
/usr/bin/cc       CMakeFiles/cmTC_43f71.dir/CheckIncludeFile.c.o  -o cmTC_43f71 -rdynamic 
make[1]: Leaving directory '/home/gdw/projects/SDDP/sddp_nuvo_app/3rdpart/glog-0.3.5/build/CMakeFiles/CMakeTmp'


Determining if the include file string.h exists passed with the following output:
Change Dir: /home/gdw/projects/SDDP/sddp_nuvo_app/3rdpart/glog-0.3.5/build/CMakeFiles/CMakeTmp

Run Build Command:"/usr/bin/make" "cmTC_52149/fast"
/usr/bin/make -f CMakeFiles/cmTC_52149.dir/build.make CMakeFiles/cmTC_52149.dir/build
make[1]: Entering directory '/home/gdw/projects/SDDP/sddp_nuvo_app/3rdpart/glog-0.3.5/build/CMakeFiles/CMakeTmp'
Building C object CMakeFiles/cmTC_52149.dir/CheckIncludeFile.c.o
/usr/bin/cc     -o CMakeFiles/cmTC_52149.dir/CheckIncludeFile.c.o   -c /home/gdw/projects/SDDP/sddp_nuvo_app/3rdpart/glog-0.3.5/build/CMakeFiles/CMakeTmp/CheckIncludeFile.c
Linking C executable cmTC_52149
/usr/bin/cmake -E cmake_link_script CMakeFiles/cmTC_52149.dir/link.txt --verbose=1
/usr/bin/cc       CMakeFiles/cmTC_52149.dir/CheckIncludeFile.c.o  -o cmTC_52149 -rdynamic 
make[1]: Leaving directory '/home/gdw/projects/SDDP/sddp_nuvo_app/3rdpart/glog-0.3.5/build/CMakeFiles/CMakeTmp'


Determining if the include file strings.h exists passed with the following output:
Change Dir: /home/gdw/projects/SDDP/sddp_nuvo_app/3rdpart/glog-0.3.5/build/CMakeFiles/CMakeTmp

Run Build Command:"/usr/bin/make" "cmTC_3cafb/fast"
/usr/bin/make -f CMakeFiles/cmTC_3cafb.dir/build.make CMakeFiles/cmTC_3cafb.dir/build
make[1]: Entering directory '/home/gdw/projects/SDDP/sddp_nuvo_app/3rdpart/glog-0.3.5/build/CMakeFiles/CMakeTmp'
Building C object CMakeFiles/cmTC_3cafb.dir/CheckIncludeFile.c.o
/usr/bin/cc     -o CMakeFiles/cmTC_3cafb.dir/CheckIncludeFile.c.o   -c /home/gdw/projects/SDDP/sddp_nuvo_app/3rdpart/glog-0.3.5/build/CMakeFiles/CMakeTmp/CheckIncludeFile.c
Linking C executable cmTC_3cafb
/usr/bin/cmake -E cmake_link_script CMakeFiles/cmTC_3cafb.dir/link.txt --verbose=1
/usr/bin/cc       CMakeFiles/cmTC_3cafb.dir/CheckIncludeFile.c.o  -o cmTC_3cafb -rdynamic 
make[1]: Leaving directory '/home/gdw/projects/SDDP/sddp_nuvo_app/3rdpart/glog-0.3.5/build/CMakeFiles/CMakeTmp'


Determining if the include file sys/stat.h exists passed with the following output:
Change Dir: /home/gdw/projects/SDDP/sddp_nuvo_app/3rdpart/glog-0.3.5/build/CMakeFiles/CMakeTmp

Run Build Command:"/usr/bin/make" "cmTC_d587f/fast"
/usr/bin/make -f CMakeFiles/cmTC_d587f.dir/build.make CMakeFiles/cmTC_d587f.dir/build
make[1]: Entering directory '/home/gdw/projects/SDDP/sddp_nuvo_app/3rdpart/glog-0.3.5/build/CMakeFiles/CMakeTmp'
Building C object CMakeFiles/cmTC_d587f.dir/CheckIncludeFile.c.o
/usr/bin/cc     -o CMakeFiles/cmTC_d587f.dir/CheckIncludeFile.c.o   -c /home/gdw/projects/SDDP/sddp_nuvo_app/3rdpart/glog-0.3.5/build/CMakeFiles/CMakeTmp/CheckIncludeFile.c
Linking C executable cmTC_d587f
/usr/bin/cmake -E cmake_link_script CMakeFiles/cmTC_d587f.dir/link.txt --verbose=1
/usr/bin/cc       CMakeFiles/cmTC_d587f.dir/CheckIncludeFile.c.o  -o cmTC_d587f -rdynamic 
make[1]: Leaving directory '/home/gdw/projects/SDDP/sddp_nuvo_app/3rdpart/glog-0.3.5/build/CMakeFiles/CMakeTmp'


Determining if the include file sys/syscall.h exists passed with the following output:
Change Dir: /home/gdw/projects/SDDP/sddp_nuvo_app/3rdpart/glog-0.3.5/build/CMakeFiles/CMakeTmp

Run Build Command:"/usr/bin/make" "cmTC_53fd7/fast"
/usr/bin/make -f CMakeFiles/cmTC_53fd7.dir/build.make CMakeFiles/cmTC_53fd7.dir/build
make[1]: Entering directory '/home/gdw/projects/SDDP/sddp_nuvo_app/3rdpart/glog-0.3.5/build/CMakeFiles/CMakeTmp'
Building C object CMakeFiles/cmTC_53fd7.dir/CheckIncludeFile.c.o
/usr/bin/cc     -o CMakeFiles/cmTC_53fd7.dir/CheckIncludeFile.c.o   -c /home/gdw/projects/SDDP/sddp_nuvo_app/3rdpart/glog-0.3.5/build/CMakeFiles/CMakeTmp/CheckIncludeFile.c
Linking C executable cmTC_53fd7
/usr/bin/cmake -E cmake_link_script CMakeFiles/cmTC_53fd7.dir/link.txt --verbose=1
/usr/bin/cc       CMakeFiles/cmTC_53fd7.dir/CheckIncludeFile.c.o  -o cmTC_53fd7 -rdynamic 
make[1]: Leaving directory '/home/gdw/projects/SDDP/sddp_nuvo_app/3rdpart/glog-0.3.5/build/CMakeFiles/CMakeTmp'


Determining if the include file sys/time.h exists passed with the following output:
Change Dir: /home/gdw/projects/SDDP/sddp_nuvo_app/3rdpart/glog-0.3.5/build/CMakeFiles/CMakeTmp

Run Build Command:"/usr/bin/make" "cmTC_45f81/fast"
/usr/bin/make -f CMakeFiles/cmTC_45f81.dir/build.make CMakeFiles/cmTC_45f81.dir/build
make[1]: Entering directory '/home/gdw/projects/SDDP/sddp_nuvo_app/3rdpart/glog-0.3.5/build/CMakeFiles/CMakeTmp'
Building C object CMakeFiles/cmTC_45f81.dir/CheckIncludeFile.c.o
/usr/bin/cc     -o CMakeFiles/cmTC_45f81.dir/CheckIncludeFile.c.o   -c /home/gdw/projects/SDDP/sddp_nuvo_app/3rdpart/glog-0.3.5/build/CMakeFiles/CMakeTmp/CheckIncludeFile.c
Linking C executable cmTC_45f81
/usr/bin/cmake -E cmake_link_script CMakeFiles/cmTC_45f81.dir/link.txt --verbose=1
/usr/bin/cc       CMakeFiles/cmTC_45f81.dir/CheckIncludeFile.c.o  -o cmTC_45f81 -rdynamic 
make[1]: Leaving directory '/home/gdw/projects/SDDP/sddp_nuvo_app/3rdpart/glog-0.3.5/build/CMakeFiles/CMakeTmp'


Determining if the include file sys/types.h exists passed with the following output:
Change Dir: /home/gdw/projects/SDDP/sddp_nuvo_app/3rdpart/glog-0.3.5/build/CMakeFiles/CMakeTmp

Run Build Command:"/usr/bin/make" "cmTC_35362/fast"
/usr/bin/make -f CMakeFiles/cmTC_35362.dir/build.make CMakeFiles/cmTC_35362.dir/build
make[1]: Entering directory '/home/gdw/projects/SDDP/sddp_nuvo_app/3rdpart/glog-0.3.5/build/CMakeFiles/CMakeTmp'
Building C object CMakeFiles/cmTC_35362.dir/CheckIncludeFile.c.o
/usr/bin/cc     -o CMakeFiles/cmTC_35362.dir/CheckIncludeFile.c.o   -c /home/gdw/projects/SDDP/sddp_nuvo_app/3rdpart/glog-0.3.5/build/CMakeFiles/CMakeTmp/CheckIncludeFile.c
Linking C executable cmTC_35362
/usr/bin/cmake -E cmake_link_script CMakeFiles/cmTC_35362.dir/link.txt --verbose=1
/usr/bin/cc       CMakeFiles/cmTC_35362.dir/CheckIncludeFile.c.o  -o cmTC_35362 -rdynamic 
make[1]: Leaving directory '/home/gdw/projects/SDDP/sddp_nuvo_app/3rdpart/glog-0.3.5/build/CMakeFiles/CMakeTmp'


Determining if the include file sys/utsname.h exists passed with the following output:
Change Dir: /home/gdw/projects/SDDP/sddp_nuvo_app/3rdpart/glog-0.3.5/build/CMakeFiles/CMakeTmp

Run Build Command:"/usr/bin/make" "cmTC_5a777/fast"
/usr/bin/make -f CMakeFiles/cmTC_5a777.dir/build.make CMakeFiles/cmTC_5a777.dir/build
make[1]: Entering directory '/home/gdw/projects/SDDP/sddp_nuvo_app/3rdpart/glog-0.3.5/build/CMakeFiles/CMakeTmp'
Building C object CMakeFiles/cmTC_5a777.dir/CheckIncludeFile.c.o
/usr/bin/cc     -o CMakeFiles/cmTC_5a777.dir/CheckIncludeFile.c.o   -c /home/gdw/projects/SDDP/sddp_nuvo_app/3rdpart/glog-0.3.5/build/CMakeFiles/CMakeTmp/CheckIncludeFile.c
Linking C executable cmTC_5a777
/usr/bin/cmake -E cmake_link_script CMakeFiles/cmTC_5a777.dir/link.txt --verbose=1
/usr/bin/cc       CMakeFiles/cmTC_5a777.dir/CheckIncludeFile.c.o  -o cmTC_5a777 -rdynamic 
make[1]: Leaving directory '/home/gdw/projects/SDDP/sddp_nuvo_app/3rdpart/glog-0.3.5/build/CMakeFiles/CMakeTmp'


Determining if the include file syscall.h exists passed with the following output:
Change Dir: /home/gdw/projects/SDDP/sddp_nuvo_app/3rdpart/glog-0.3.5/build/CMakeFiles/CMakeTmp

Run Build Command:"/usr/bin/make" "cmTC_4bcb5/fast"
/usr/bin/make -f CMakeFiles/cmTC_4bcb5.dir/build.make CMakeFiles/cmTC_4bcb5.dir/build
make[1]: Entering directory '/home/gdw/projects/SDDP/sddp_nuvo_app/3rdpart/glog-0.3.5/build/CMakeFiles/CMakeTmp'
Building C object CMakeFiles/cmTC_4bcb5.dir/CheckIncludeFile.c.o
/usr/bin/cc     -o CMakeFiles/cmTC_4bcb5.dir/CheckIncludeFile.c.o   -c /home/gdw/projects/SDDP/sddp_nuvo_app/3rdpart/glog-0.3.5/build/CMakeFiles/CMakeTmp/CheckIncludeFile.c
Linking C executable cmTC_4bcb5
/usr/bin/cmake -E cmake_link_script CMakeFiles/cmTC_4bcb5.dir/link.txt --verbose=1
/usr/bin/cc       CMakeFiles/cmTC_4bcb5.dir/CheckIncludeFile.c.o  -o cmTC_4bcb5 -rdynamic 
make[1]: Leaving directory '/home/gdw/projects/SDDP/sddp_nuvo_app/3rdpart/glog-0.3.5/build/CMakeFiles/CMakeTmp'


Determining if the include file syslog.h exists passed with the following output:
Change Dir: /home/gdw/projects/SDDP/sddp_nuvo_app/3rdpart/glog-0.3.5/build/CMakeFiles/CMakeTmp

Run Build Command:"/usr/bin/make" "cmTC_84213/fast"
/usr/bin/make -f CMakeFiles/cmTC_84213.dir/build.make CMakeFiles/cmTC_84213.dir/build
make[1]: Entering directory '/home/gdw/projects/SDDP/sddp_nuvo_app/3rdpart/glog-0.3.5/build/CMakeFiles/CMakeTmp'
Building C object CMakeFiles/cmTC_84213.dir/CheckIncludeFile.c.o
/usr/bin/cc     -o CMakeFiles/cmTC_84213.dir/CheckIncludeFile.c.o   -c /home/gdw/projects/SDDP/sddp_nuvo_app/3rdpart/glog-0.3.5/build/CMakeFiles/CMakeTmp/CheckIncludeFile.c
Linking C executable cmTC_84213
/usr/bin/cmake -E cmake_link_script CMakeFiles/cmTC_84213.dir/link.txt --verbose=1
/usr/bin/cc       CMakeFiles/cmTC_84213.dir/CheckIncludeFile.c.o  -o cmTC_84213 -rdynamic 
make[1]: Leaving directory '/home/gdw/projects/SDDP/sddp_nuvo_app/3rdpart/glog-0.3.5/build/CMakeFiles/CMakeTmp'


Determining if the include file ucontext.h exists passed with the following output:
Change Dir: /home/gdw/projects/SDDP/sddp_nuvo_app/3rdpart/glog-0.3.5/build/CMakeFiles/CMakeTmp

Run Build Command:"/usr/bin/make" "cmTC_71152/fast"
/usr/bin/make -f CMakeFiles/cmTC_71152.dir/build.make CMakeFiles/cmTC_71152.dir/build
make[1]: Entering directory '/home/gdw/projects/SDDP/sddp_nuvo_app/3rdpart/glog-0.3.5/build/CMakeFiles/CMakeTmp'
Building C object CMakeFiles/cmTC_71152.dir/CheckIncludeFile.c.o
/usr/bin/cc     -o CMakeFiles/cmTC_71152.dir/CheckIncludeFile.c.o   -c /home/gdw/projects/SDDP/sddp_nuvo_app/3rdpart/glog-0.3.5/build/CMakeFiles/CMakeTmp/CheckIncludeFile.c
Linking C executable cmTC_71152
/usr/bin/cmake -E cmake_link_script CMakeFiles/cmTC_71152.dir/link.txt --verbose=1
/usr/bin/cc       CMakeFiles/cmTC_71152.dir/CheckIncludeFile.c.o  -o cmTC_71152 -rdynamic 
make[1]: Leaving directory '/home/gdw/projects/SDDP/sddp_nuvo_app/3rdpart/glog-0.3.5/build/CMakeFiles/CMakeTmp'


Determining if the include file unistd.h exists passed with the following output:
Change Dir: /home/gdw/projects/SDDP/sddp_nuvo_app/3rdpart/glog-0.3.5/build/CMakeFiles/CMakeTmp

Run Build Command:"/usr/bin/make" "cmTC_bace0/fast"
/usr/bin/make -f CMakeFiles/cmTC_bace0.dir/build.make CMakeFiles/cmTC_bace0.dir/build
make[1]: Entering directory '/home/gdw/projects/SDDP/sddp_nuvo_app/3rdpart/glog-0.3.5/build/CMakeFiles/CMakeTmp'
Building C object CMakeFiles/cmTC_bace0.dir/CheckIncludeFile.c.o
/usr/bin/cc     -o CMakeFiles/cmTC_bace0.dir/CheckIncludeFile.c.o   -c /home/gdw/projects/SDDP/sddp_nuvo_app/3rdpart/glog-0.3.5/build/CMakeFiles/CMakeTmp/CheckIncludeFile.c
Linking C executable cmTC_bace0
/usr/bin/cmake -E cmake_link_script CMakeFiles/cmTC_bace0.dir/link.txt --verbose=1
/usr/bin/cc       CMakeFiles/cmTC_bace0.dir/CheckIncludeFile.c.o  -o cmTC_bace0 -rdynamic 
make[1]: Leaving directory '/home/gdw/projects/SDDP/sddp_nuvo_app/3rdpart/glog-0.3.5/build/CMakeFiles/CMakeTmp'


Determining if the include file unwind.h exists passed with the following output:
Change Dir: /home/gdw/projects/SDDP/sddp_nuvo_app/3rdpart/glog-0.3.5/build/CMakeFiles/CMakeTmp

Run Build Command:"/usr/bin/make" "cmTC_23fb4/fast"
/usr/bin/make -f CMakeFiles/cmTC_23fb4.dir/build.make CMakeFiles/cmTC_23fb4.dir/build
make[1]: Entering directory '/home/gdw/projects/SDDP/sddp_nuvo_app/3rdpart/glog-0.3.5/build/CMakeFiles/CMakeTmp'
Building C object CMakeFiles/cmTC_23fb4.dir/CheckIncludeFile.c.o
/usr/bin/cc     -o CMakeFiles/cmTC_23fb4.dir/CheckIncludeFile.c.o   -c /home/gdw/projects/SDDP/sddp_nuvo_app/3rdpart/glog-0.3.5/build/CMakeFiles/CMakeTmp/CheckIncludeFile.c
Linking C executable cmTC_23fb4
/usr/bin/cmake -E cmake_link_script CMakeFiles/cmTC_23fb4.dir/link.txt --verbose=1
/usr/bin/cc       CMakeFiles/cmTC_23fb4.dir/CheckIncludeFile.c.o  -o cmTC_23fb4 -rdynamic 
make[1]: Leaving directory '/home/gdw/projects/SDDP/sddp_nuvo_app/3rdpart/glog-0.3.5/build/CMakeFiles/CMakeTmp'


Determining if the include file ext/hash_map exists passed with the following output:
Change Dir: /home/gdw/projects/SDDP/sddp_nuvo_app/3rdpart/glog-0.3.5/build/CMakeFiles/CMakeTmp

Run Build Command:"/usr/bin/make" "cmTC_58086/fast"
/usr/bin/make -f CMakeFiles/cmTC_58086.dir/build.make CMakeFiles/cmTC_58086.dir/build
make[1]: Entering directory '/home/gdw/projects/SDDP/sddp_nuvo_app/3rdpart/glog-0.3.5/build/CMakeFiles/CMakeTmp'
Building CXX object CMakeFiles/cmTC_58086.dir/CheckIncludeFile.cxx.o
/usr/bin/c++      -o CMakeFiles/cmTC_58086.dir/CheckIncludeFile.cxx.o -c /home/gdw/projects/SDDP/sddp_nuvo_app/3rdpart/glog-0.3.5/build/CMakeFiles/CMakeTmp/CheckIncludeFile.cxx
In file included from /usr/include/c++/5/ext/hash_map:60:0,
                 from /home/gdw/projects/SDDP/sddp_nuvo_app/3rdpart/glog-0.3.5/build/CMakeFiles/CMakeTmp/CheckIncludeFile.cxx:1:
/usr/include/c++/5/backward/backward_warning.h:32:2: warning: #warning This file includes at least one deprecated or antiquated header which may be removed without further notice at a future date. Please use a non-deprecated interface with equivalent functionality instead. For a listing of replacement headers and interfaces, consult the file backward_warning.h. To disable this warning use -Wno-deprecated. [-Wcpp]
 #warning \
  ^
Linking CXX executable cmTC_58086
/usr/bin/cmake -E cmake_link_script CMakeFiles/cmTC_58086.dir/link.txt --verbose=1
/usr/bin/c++        CMakeFiles/cmTC_58086.dir/CheckIncludeFile.cxx.o  -o cmTC_58086 -rdynamic 
make[1]: Leaving directory '/home/gdw/projects/SDDP/sddp_nuvo_app/3rdpart/glog-0.3.5/build/CMakeFiles/CMakeTmp'


Determining if the include file ext/hash_set exists passed with the following output:
Change Dir: /home/gdw/projects/SDDP/sddp_nuvo_app/3rdpart/glog-0.3.5/build/CMakeFiles/CMakeTmp

Run Build Command:"/usr/bin/make" "cmTC_517a8/fast"
/usr/bin/make -f CMakeFiles/cmTC_517a8.dir/build.make CMakeFiles/cmTC_517a8.dir/build
make[1]: Entering directory '/home/gdw/projects/SDDP/sddp_nuvo_app/3rdpart/glog-0.3.5/build/CMakeFiles/CMakeTmp'
Building CXX object CMakeFiles/cmTC_517a8.dir/CheckIncludeFile.cxx.o
/usr/bin/c++      -o CMakeFiles/cmTC_517a8.dir/CheckIncludeFile.cxx.o -c /home/gdw/projects/SDDP/sddp_nuvo_app/3rdpart/glog-0.3.5/build/CMakeFiles/CMakeTmp/CheckIncludeFile.cxx
In file included from /usr/include/c++/5/ext/hash_set:60:0,
                 from /home/gdw/projects/SDDP/sddp_nuvo_app/3rdpart/glog-0.3.5/build/CMakeFiles/CMakeTmp/CheckIncludeFile.cxx:1:
/usr/include/c++/5/backward/backward_warning.h:32:2: warning: #warning This file includes at least one deprecated or antiquated header which may be removed without further notice at a future date. Please use a non-deprecated interface with equivalent functionality instead. For a listing of replacement headers and interfaces, consult the file backward_warning.h. To disable this warning use -Wno-deprecated. [-Wcpp]
 #warning \
  ^
Linking CXX executable cmTC_517a8
/usr/bin/cmake -E cmake_link_script CMakeFiles/cmTC_517a8.dir/link.txt --verbose=1
/usr/bin/c++        CMakeFiles/cmTC_517a8.dir/CheckIncludeFile.cxx.o  -o cmTC_517a8 -rdynamic 
make[1]: Leaving directory '/home/gdw/projects/SDDP/sddp_nuvo_app/3rdpart/glog-0.3.5/build/CMakeFiles/CMakeTmp'


Determining if the include file ext/slist exists passed with the following output:
Change Dir: /home/gdw/projects/SDDP/sddp_nuvo_app/3rdpart/glog-0.3.5/build/CMakeFiles/CMakeTmp

Run Build Command:"/usr/bin/make" "cmTC_bd2fe/fast"
/usr/bin/make -f CMakeFiles/cmTC_bd2fe.dir/build.make CMakeFiles/cmTC_bd2fe.dir/build
make[1]: Entering directory '/home/gdw/projects/SDDP/sddp_nuvo_app/3rdpart/glog-0.3.5/build/CMakeFiles/CMakeTmp'
Building CXX object CMakeFiles/cmTC_bd2fe.dir/CheckIncludeFile.cxx.o
/usr/bin/c++      -o CMakeFiles/cmTC_bd2fe.dir/CheckIncludeFile.cxx.o -c /home/gdw/projects/SDDP/sddp_nuvo_app/3rdpart/glog-0.3.5/build/CMakeFiles/CMakeTmp/CheckIncludeFile.cxx
Linking CXX executable cmTC_bd2fe
/usr/bin/cmake -E cmake_link_script CMakeFiles/cmTC_bd2fe.dir/link.txt --verbose=1
/usr/bin/c++        CMakeFiles/cmTC_bd2fe.dir/CheckIncludeFile.cxx.o  -o cmTC_bd2fe -rdynamic 
make[1]: Leaving directory '/home/gdw/projects/SDDP/sddp_nuvo_app/3rdpart/glog-0.3.5/build/CMakeFiles/CMakeTmp'


Determining if the include file tr1/unordered_map exists passed with the following output:
Change Dir: /home/gdw/projects/SDDP/sddp_nuvo_app/3rdpart/glog-0.3.5/build/CMakeFiles/CMakeTmp

Run Build Command:"/usr/bin/make" "cmTC_6c4eb/fast"
/usr/bin/make -f CMakeFiles/cmTC_6c4eb.dir/build.make CMakeFiles/cmTC_6c4eb.dir/build
make[1]: Entering directory '/home/gdw/projects/SDDP/sddp_nuvo_app/3rdpart/glog-0.3.5/build/CMakeFiles/CMakeTmp'
Building CXX object CMakeFiles/cmTC_6c4eb.dir/CheckIncludeFile.cxx.o
/usr/bin/c++      -o CMakeFiles/cmTC_6c4eb.dir/CheckIncludeFile.cxx.o -c /home/gdw/projects/SDDP/sddp_nuvo_app/3rdpart/glog-0.3.5/build/CMakeFiles/CMakeTmp/CheckIncludeFile.cxx
Linking CXX executable cmTC_6c4eb
/usr/bin/cmake -E cmake_link_script CMakeFiles/cmTC_6c4eb.dir/link.txt --verbose=1
/usr/bin/c++        CMakeFiles/cmTC_6c4eb.dir/CheckIncludeFile.cxx.o  -o cmTC_6c4eb -rdynamic 
make[1]: Leaving directory '/home/gdw/projects/SDDP/sddp_nuvo_app/3rdpart/glog-0.3.5/build/CMakeFiles/CMakeTmp'


Determining if the include file tr1/unordered_set exists passed with the following output:
Change Dir: /home/gdw/projects/SDDP/sddp_nuvo_app/3rdpart/glog-0.3.5/build/CMakeFiles/CMakeTmp

Run Build Command:"/usr/bin/make" "cmTC_d8e68/fast"
/usr/bin/make -f CMakeFiles/cmTC_d8e68.dir/build.make CMakeFiles/cmTC_d8e68.dir/build
make[1]: Entering directory '/home/gdw/projects/SDDP/sddp_nuvo_app/3rdpart/glog-0.3.5/build/CMakeFiles/CMakeTmp'
Building CXX object CMakeFiles/cmTC_d8e68.dir/CheckIncludeFile.cxx.o
/usr/bin/c++      -o CMakeFiles/cmTC_d8e68.dir/CheckIncludeFile.cxx.o -c /home/gdw/projects/SDDP/sddp_nuvo_app/3rdpart/glog-0.3.5/build/CMakeFiles/CMakeTmp/CheckIncludeFile.cxx
Linking CXX executable cmTC_d8e68
/usr/bin/cmake -E cmake_link_script CMakeFiles/cmTC_d8e68.dir/link.txt --verbose=1
/usr/bin/c++        CMakeFiles/cmTC_d8e68.dir/CheckIncludeFile.cxx.o  -o cmTC_d8e68 -rdynamic 
make[1]: Leaving directory '/home/gdw/projects/SDDP/sddp_nuvo_app/3rdpart/glog-0.3.5/build/CMakeFiles/CMakeTmp'


Determining if the include file stddef.h exists passed with the following output:
Change Dir: /home/gdw/projects/SDDP/sddp_nuvo_app/3rdpart/glog-0.3.5/build/CMakeFiles/CMakeTmp

Run Build Command:"/usr/bin/make" "cmTC_1272d/fast"
/usr/bin/make -f CMakeFiles/cmTC_1272d.dir/build.make CMakeFiles/cmTC_1272d.dir/build
make[1]: Entering directory '/home/gdw/projects/SDDP/sddp_nuvo_app/3rdpart/glog-0.3.5/build/CMakeFiles/CMakeTmp'
Building C object CMakeFiles/cmTC_1272d.dir/CheckIncludeFile.c.o
/usr/bin/cc     -o CMakeFiles/cmTC_1272d.dir/CheckIncludeFile.c.o   -c /home/gdw/projects/SDDP/sddp_nuvo_app/3rdpart/glog-0.3.5/build/CMakeFiles/CMakeTmp/CheckIncludeFile.c
Linking C executable cmTC_1272d
/usr/bin/cmake -E cmake_link_script CMakeFiles/cmTC_1272d.dir/link.txt --verbose=1
/usr/bin/cc       CMakeFiles/cmTC_1272d.dir/CheckIncludeFile.c.o  -o cmTC_1272d -rdynamic 
make[1]: Leaving directory '/home/gdw/projects/SDDP/sddp_nuvo_app/3rdpart/glog-0.3.5/build/CMakeFiles/CMakeTmp'


Determining size of u_int16_t passed with the following output:
Change Dir: /home/gdw/projects/SDDP/sddp_nuvo_app/3rdpart/glog-0.3.5/build/CMakeFiles/CMakeTmp

Run Build Command:"/usr/bin/make" "cmTC_97c32/fast"
/usr/bin/make -f CMakeFiles/cmTC_97c32.dir/build.make CMakeFiles/cmTC_97c32.dir/build
make[1]: Entering directory '/home/gdw/projects/SDDP/sddp_nuvo_app/3rdpart/glog-0.3.5/build/CMakeFiles/CMakeTmp'
Building C object CMakeFiles/cmTC_97c32.dir/HAVE_U_INT16_T.c.o
/usr/bin/cc     -o CMakeFiles/cmTC_97c32.dir/HAVE_U_INT16_T.c.o   -c /home/gdw/projects/SDDP/sddp_nuvo_app/3rdpart/glog-0.3.5/build/CMakeFiles/CheckTypeSize/HAVE_U_INT16_T.c
Linking C executable cmTC_97c32
/usr/bin/cmake -E cmake_link_script CMakeFiles/cmTC_97c32.dir/link.txt --verbose=1
/usr/bin/cc       CMakeFiles/cmTC_97c32.dir/HAVE_U_INT16_T.c.o  -o cmTC_97c32 -rdynamic 
make[1]: Leaving directory '/home/gdw/projects/SDDP/sddp_nuvo_app/3rdpart/glog-0.3.5/build/CMakeFiles/CMakeTmp'


Determining size of uint16_t passed with the following output:
Change Dir: /home/gdw/projects/SDDP/sddp_nuvo_app/3rdpart/glog-0.3.5/build/CMakeFiles/CMakeTmp

Run Build Command:"/usr/bin/make" "cmTC_4c042/fast"
/usr/bin/make -f CMakeFiles/cmTC_4c042.dir/build.make CMakeFiles/cmTC_4c042.dir/build
make[1]: Entering directory '/home/gdw/projects/SDDP/sddp_nuvo_app/3rdpart/glog-0.3.5/build/CMakeFiles/CMakeTmp'
Building C object CMakeFiles/cmTC_4c042.dir/HAVE_UINT16_T.c.o
/usr/bin/cc     -o CMakeFiles/cmTC_4c042.dir/HAVE_UINT16_T.c.o   -c /home/gdw/projects/SDDP/sddp_nuvo_app/3rdpart/glog-0.3.5/build/CMakeFiles/CheckTypeSize/HAVE_UINT16_T.c
Linking C executable cmTC_4c042
/usr/bin/cmake -E cmake_link_script CMakeFiles/cmTC_4c042.dir/link.txt --verbose=1
/usr/bin/cc       CMakeFiles/cmTC_4c042.dir/HAVE_UINT16_T.c.o  -o cmTC_4c042 -rdynamic 
make[1]: Leaving directory '/home/gdw/projects/SDDP/sddp_nuvo_app/3rdpart/glog-0.3.5/build/CMakeFiles/CMakeTmp'


Determining if the function fcntl exists passed with the following output:
Change Dir: /home/gdw/projects/SDDP/sddp_nuvo_app/3rdpart/glog-0.3.5/build/CMakeFiles/CMakeTmp

Run Build Command:"/usr/bin/make" "cmTC_a9be8/fast"
/usr/bin/make -f CMakeFiles/cmTC_a9be8.dir/build.make CMakeFiles/cmTC_a9be8.dir/build
make[1]: Entering directory '/home/gdw/projects/SDDP/sddp_nuvo_app/3rdpart/glog-0.3.5/build/CMakeFiles/CMakeTmp'
Building C object CMakeFiles/cmTC_a9be8.dir/CheckFunctionExists.c.o
/usr/bin/cc    -DCHECK_FUNCTION_EXISTS=fcntl   -o CMakeFiles/cmTC_a9be8.dir/CheckFunctionExists.c.o   -c /usr/share/cmake-3.5/Modules/CheckFunctionExists.c
Linking C executable cmTC_a9be8
/usr/bin/cmake -E cmake_link_script CMakeFiles/cmTC_a9be8.dir/link.txt --verbose=1
/usr/bin/cc   -DCHECK_FUNCTION_EXISTS=fcntl    CMakeFiles/cmTC_a9be8.dir/CheckFunctionExists.c.o  -o cmTC_a9be8 -rdynamic 
make[1]: Leaving directory '/home/gdw/projects/SDDP/sddp_nuvo_app/3rdpart/glog-0.3.5/build/CMakeFiles/CMakeTmp'


Determining if the function pread exists passed with the following output:
Change Dir: /home/gdw/projects/SDDP/sddp_nuvo_app/3rdpart/glog-0.3.5/build/CMakeFiles/CMakeTmp

Run Build Command:"/usr/bin/make" "cmTC_c0129/fast"
/usr/bin/make -f CMakeFiles/cmTC_c0129.dir/build.make CMakeFiles/cmTC_c0129.dir/build
make[1]: Entering directory '/home/gdw/projects/SDDP/sddp_nuvo_app/3rdpart/glog-0.3.5/build/CMakeFiles/CMakeTmp'
Building C object CMakeFiles/cmTC_c0129.dir/CheckFunctionExists.c.o
/usr/bin/cc    -DCHECK_FUNCTION_EXISTS=pread   -o CMakeFiles/cmTC_c0129.dir/CheckFunctionExists.c.o   -c /usr/share/cmake-3.5/Modules/CheckFunctionExists.c
Linking C executable cmTC_c0129
/usr/bin/cmake -E cmake_link_script CMakeFiles/cmTC_c0129.dir/link.txt --verbose=1
/usr/bin/cc   -DCHECK_FUNCTION_EXISTS=pread    CMakeFiles/cmTC_c0129.dir/CheckFunctionExists.c.o  -o cmTC_c0129 -rdynamic 
make[1]: Leaving directory '/home/gdw/projects/SDDP/sddp_nuvo_app/3rdpart/glog-0.3.5/build/CMakeFiles/CMakeTmp'


Determining if the function pwrite exists passed with the following output:
Change Dir: /home/gdw/projects/SDDP/sddp_nuvo_app/3rdpart/glog-0.3.5/build/CMakeFiles/CMakeTmp

Run Build Command:"/usr/bin/make" "cmTC_5c60f/fast"
/usr/bin/make -f CMakeFiles/cmTC_5c60f.dir/build.make CMakeFiles/cmTC_5c60f.dir/build
make[1]: Entering directory '/home/gdw/projects/SDDP/sddp_nuvo_app/3rdpart/glog-0.3.5/build/CMakeFiles/CMakeTmp'
Building C object CMakeFiles/cmTC_5c60f.dir/CheckFunctionExists.c.o
/usr/bin/cc    -DCHECK_FUNCTION_EXISTS=pwrite   -o CMakeFiles/cmTC_5c60f.dir/CheckFunctionExists.c.o   -c /usr/share/cmake-3.5/Modules/CheckFunctionExists.c
Linking C executable cmTC_5c60f
/usr/bin/cmake -E cmake_link_script CMakeFiles/cmTC_5c60f.dir/link.txt --verbose=1
/usr/bin/cc   -DCHECK_FUNCTION_EXISTS=pwrite    CMakeFiles/cmTC_5c60f.dir/CheckFunctionExists.c.o  -o cmTC_5c60f -rdynamic 
make[1]: Leaving directory '/home/gdw/projects/SDDP/sddp_nuvo_app/3rdpart/glog-0.3.5/build/CMakeFiles/CMakeTmp'


Determining if the function sigaction exists passed with the following output:
Change Dir: /home/gdw/projects/SDDP/sddp_nuvo_app/3rdpart/glog-0.3.5/build/CMakeFiles/CMakeTmp

Run Build Command:"/usr/bin/make" "cmTC_d9ac7/fast"
/usr/bin/make -f CMakeFiles/cmTC_d9ac7.dir/build.make CMakeFiles/cmTC_d9ac7.dir/build
make[1]: Entering directory '/home/gdw/projects/SDDP/sddp_nuvo_app/3rdpart/glog-0.3.5/build/CMakeFiles/CMakeTmp'
Building C object CMakeFiles/cmTC_d9ac7.dir/CheckFunctionExists.c.o
/usr/bin/cc    -DCHECK_FUNCTION_EXISTS=sigaction   -o CMakeFiles/cmTC_d9ac7.dir/CheckFunctionExists.c.o   -c /usr/share/cmake-3.5/Modules/CheckFunctionExists.c
Linking C executable cmTC_d9ac7
/usr/bin/cmake -E cmake_link_script CMakeFiles/cmTC_d9ac7.dir/link.txt --verbose=1
/usr/bin/cc   -DCHECK_FUNCTION_EXISTS=sigaction    CMakeFiles/cmTC_d9ac7.dir/CheckFunctionExists.c.o  -o cmTC_d9ac7 -rdynamic 
make[1]: Leaving directory '/home/gdw/projects/SDDP/sddp_nuvo_app/3rdpart/glog-0.3.5/build/CMakeFiles/CMakeTmp'


Determining if the function sigaltstack exists passed with the following output:
Change Dir: /home/gdw/projects/SDDP/sddp_nuvo_app/3rdpart/glog-0.3.5/build/CMakeFiles/CMakeTmp

Run Build Command:"/usr/bin/make" "cmTC_8733c/fast"
/usr/bin/make -f CMakeFiles/cmTC_8733c.dir/build.make CMakeFiles/cmTC_8733c.dir/build
make[1]: Entering directory '/home/gdw/projects/SDDP/sddp_nuvo_app/3rdpart/glog-0.3.5/build/CMakeFiles/CMakeTmp'
Building C object CMakeFiles/cmTC_8733c.dir/CheckFunctionExists.c.o
/usr/bin/cc    -DCHECK_FUNCTION_EXISTS=sigaltstack   -o CMakeFiles/cmTC_8733c.dir/CheckFunctionExists.c.o   -c /usr/share/cmake-3.5/Modules/CheckFunctionExists.c
Linking C executable cmTC_8733c
/usr/bin/cmake -E cmake_link_script CMakeFiles/cmTC_8733c.dir/link.txt --verbose=1
/usr/bin/cc   -DCHECK_FUNCTION_EXISTS=sigaltstack    CMakeFiles/cmTC_8733c.dir/CheckFunctionExists.c.o  -o cmTC_8733c -rdynamic 
make[1]: Leaving directory '/home/gdw/projects/SDDP/sddp_nuvo_app/3rdpart/glog-0.3.5/build/CMakeFiles/CMakeTmp'


Performing C++ SOURCE FILE Test HAVE_NO_DEPRECATED succeeded with the following output:
Change Dir: /home/gdw/projects/SDDP/sddp_nuvo_app/3rdpart/glog-0.3.5/build/CMakeFiles/CMakeTmp

Run Build Command:"/usr/bin/make" "cmTC_c565d/fast"
/usr/bin/make -f CMakeFiles/cmTC_c565d.dir/build.make CMakeFiles/cmTC_c565d.dir/build
make[1]: Entering directory '/home/gdw/projects/SDDP/sddp_nuvo_app/3rdpart/glog-0.3.5/build/CMakeFiles/CMakeTmp'
Building CXX object CMakeFiles/cmTC_c565d.dir/src.cxx.o
/usr/bin/c++     -DHAVE_NO_DEPRECATED   -Wdeprecated -o CMakeFiles/cmTC_c565d.dir/src.cxx.o -c /home/gdw/projects/SDDP/sddp_nuvo_app/3rdpart/glog-0.3.5/build/CMakeFiles/CMakeTmp/src.cxx
Linking CXX executable cmTC_c565d
/usr/bin/cmake -E cmake_link_script CMakeFiles/cmTC_c565d.dir/link.txt --verbose=1
/usr/bin/c++    -DHAVE_NO_DEPRECATED    CMakeFiles/cmTC_c565d.dir/src.cxx.o  -o cmTC_c565d -rdynamic 
make[1]: Leaving directory '/home/gdw/projects/SDDP/sddp_nuvo_app/3rdpart/glog-0.3.5/build/CMakeFiles/CMakeTmp'

Source file was:
int main() { return 0; }
Determining if the snprintf exist passed with the following output:
Change Dir: /home/gdw/projects/SDDP/sddp_nuvo_app/3rdpart/glog-0.3.5/build/CMakeFiles/CMakeTmp

Run Build Command:"/usr/bin/make" "cmTC_2987c/fast"
/usr/bin/make -f CMakeFiles/cmTC_2987c.dir/build.make CMakeFiles/cmTC_2987c.dir/build
make[1]: Entering directory '/home/gdw/projects/SDDP/sddp_nuvo_app/3rdpart/glog-0.3.5/build/CMakeFiles/CMakeTmp'
Building C object CMakeFiles/cmTC_2987c.dir/CheckSymbolExists.c.o
/usr/bin/cc     -o CMakeFiles/cmTC_2987c.dir/CheckSymbolExists.c.o   -c /home/gdw/projects/SDDP/sddp_nuvo_app/3rdpart/glog-0.3.5/build/CMakeFiles/CMakeTmp/CheckSymbolExists.c
Linking C executable cmTC_2987c
/usr/bin/cmake -E cmake_link_script CMakeFiles/cmTC_2987c.dir/link.txt --verbose=1
/usr/bin/cc       CMakeFiles/cmTC_2987c.dir/CheckSymbolExists.c.o  -o cmTC_2987c -rdynamic 
make[1]: Leaving directory '/home/gdw/projects/SDDP/sddp_nuvo_app/3rdpart/glog-0.3.5/build/CMakeFiles/CMakeTmp'

File /home/gdw/projects/SDDP/sddp_nuvo_app/3rdpart/glog-0.3.5/build/CMakeFiles/CMakeTmp/CheckSymbolExists.c:
/* */
#include <stdio.h>

int main(int argc, char** argv)
{
  (void)argv;
#ifndef snprintf
  return ((int*)(&snprintf))[argc];
#else
  (void)argc;
  return 0;
#endif
}

Performing C SOURCE FILE Test HAVE___ATTRIBUTE__ succeeded with the following output:
Change Dir: /home/gdw/projects/SDDP/sddp_nuvo_app/3rdpart/glog-0.3.5/build/CMakeFiles/CMakeTmp

Run Build Command:"/usr/bin/make" "cmTC_c3bc6/fast"
/usr/bin/make -f CMakeFiles/cmTC_c3bc6.dir/build.make CMakeFiles/cmTC_c3bc6.dir/build
make[1]: Entering directory '/home/gdw/projects/SDDP/sddp_nuvo_app/3rdpart/glog-0.3.5/build/CMakeFiles/CMakeTmp'
Building C object CMakeFiles/cmTC_c3bc6.dir/src.c.o
/usr/bin/cc    -DHAVE___ATTRIBUTE__   -o CMakeFiles/cmTC_c3bc6.dir/src.c.o   -c /home/gdw/projects/SDDP/sddp_nuvo_app/3rdpart/glog-0.3.5/build/CMakeFiles/CMakeTmp/src.c
Linking C executable cmTC_c3bc6
/usr/bin/cmake -E cmake_link_script CMakeFiles/cmTC_c3bc6.dir/link.txt --verbose=1
/usr/bin/cc   -DHAVE___ATTRIBUTE__    CMakeFiles/cmTC_c3bc6.dir/src.c.o  -o cmTC_c3bc6 -rdynamic 
make[1]: Leaving directory '/home/gdw/projects/SDDP/sddp_nuvo_app/3rdpart/glog-0.3.5/build/CMakeFiles/CMakeTmp'

Source file was:

#include <stdlib.h>
static void foo(void) __attribute__ ((unused));
int main(void) { return 0; }

Performing C SOURCE FILE Test HAVE___ATTRIBUTE__VISIBILITY_DEFAULT succeeded with the following output:
Change Dir: /home/gdw/projects/SDDP/sddp_nuvo_app/3rdpart/glog-0.3.5/build/CMakeFiles/CMakeTmp

Run Build Command:"/usr/bin/make" "cmTC_75edb/fast"
/usr/bin/make -f CMakeFiles/cmTC_75edb.dir/build.make CMakeFiles/cmTC_75edb.dir/build
make[1]: Entering directory '/home/gdw/projects/SDDP/sddp_nuvo_app/3rdpart/glog-0.3.5/build/CMakeFiles/CMakeTmp'
Building C object CMakeFiles/cmTC_75edb.dir/src.c.o
/usr/bin/cc    -DHAVE___ATTRIBUTE__VISIBILITY_DEFAULT   -o CMakeFiles/cmTC_75edb.dir/src.c.o   -c /home/gdw/projects/SDDP/sddp_nuvo_app/3rdpart/glog-0.3.5/build/CMakeFiles/CMakeTmp/src.c
/home/gdw/projects/SDDP/sddp_nuvo_app/3rdpart/glog-0.3.5/build/CMakeFiles/CMakeTmp/src.c:3:1: warning: visibility attribute ignored [-Wattributes]
 static void foo(void) __attribute__ ((visibility("default")));
 ^
Linking C executable cmTC_75edb
/usr/bin/cmake -E cmake_link_script CMakeFiles/cmTC_75edb.dir/link.txt --verbose=1
/usr/bin/cc   -DHAVE___ATTRIBUTE__VISIBILITY_DEFAULT    CMakeFiles/cmTC_75edb.dir/src.c.o  -o cmTC_75edb -rdynamic 
make[1]: Leaving directory '/home/gdw/projects/SDDP/sddp_nuvo_app/3rdpart/glog-0.3.5/build/CMakeFiles/CMakeTmp'

Source file was:

#include <stdlib.h>
static void foo(void) __attribute__ ((visibility("default")));
int main(void) { return 0; }

Performing C SOURCE FILE Test HAVE___ATTRIBUTE__VISIBILITY_HIDDEN succeeded with the following output:
Change Dir: /home/gdw/projects/SDDP/sddp_nuvo_app/3rdpart/glog-0.3.5/build/CMakeFiles/CMakeTmp

Run Build Command:"/usr/bin/make" "cmTC_b778e/fast"
/usr/bin/make -f CMakeFiles/cmTC_b778e.dir/build.make CMakeFiles/cmTC_b778e.dir/build
make[1]: Entering directory '/home/gdw/projects/SDDP/sddp_nuvo_app/3rdpart/glog-0.3.5/build/CMakeFiles/CMakeTmp'
Building C object CMakeFiles/cmTC_b778e.dir/src.c.o
/usr/bin/cc    -DHAVE___ATTRIBUTE__VISIBILITY_HIDDEN   -o CMakeFiles/cmTC_b778e.dir/src.c.o   -c /home/gdw/projects/SDDP/sddp_nuvo_app/3rdpart/glog-0.3.5/build/CMakeFiles/CMakeTmp/src.c
/home/gdw/projects/SDDP/sddp_nuvo_app/3rdpart/glog-0.3.5/build/CMakeFiles/CMakeTmp/src.c:3:1: warning: visibility attribute ignored [-Wattributes]
 static void foo(void) __attribute__ ((visibility("hidden")));
 ^
Linking C executable cmTC_b778e
/usr/bin/cmake -E cmake_link_script CMakeFiles/cmTC_b778e.dir/link.txt --verbose=1
/usr/bin/cc   -DHAVE___ATTRIBUTE__VISIBILITY_HIDDEN    CMakeFiles/cmTC_b778e.dir/src.c.o  -o cmTC_b778e -rdynamic 
make[1]: Leaving directory '/home/gdw/projects/SDDP/sddp_nuvo_app/3rdpart/glog-0.3.5/build/CMakeFiles/CMakeTmp'

Source file was:

#include <stdlib.h>
static void foo(void) __attribute__ ((visibility("hidden")));
int main(void) { return 0; }

Performing C SOURCE FILE Test HAVE___BUILTIN_EXPECT succeeded with the following output:
Change Dir: /home/gdw/projects/SDDP/sddp_nuvo_app/3rdpart/glog-0.3.5/build/CMakeFiles/CMakeTmp

Run Build Command:"/usr/bin/make" "cmTC_58637/fast"
/usr/bin/make -f CMakeFiles/cmTC_58637.dir/build.make CMakeFiles/cmTC_58637.dir/build
make[1]: Entering directory '/home/gdw/projects/SDDP/sddp_nuvo_app/3rdpart/glog-0.3.5/build/CMakeFiles/CMakeTmp'
Building C object CMakeFiles/cmTC_58637.dir/src.c.o
/usr/bin/cc    -DHAVE___BUILTIN_EXPECT   -o CMakeFiles/cmTC_58637.dir/src.c.o   -c /home/gdw/projects/SDDP/sddp_nuvo_app/3rdpart/glog-0.3.5/build/CMakeFiles/CMakeTmp/src.c
Linking C executable cmTC_58637
/usr/bin/cmake -E cmake_link_script CMakeFiles/cmTC_58637.dir/link.txt --verbose=1
/usr/bin/cc   -DHAVE___BUILTIN_EXPECT    CMakeFiles/cmTC_58637.dir/src.c.o  -o cmTC_58637 -rdynamic 
make[1]: Leaving directory '/home/gdw/projects/SDDP/sddp_nuvo_app/3rdpart/glog-0.3.5/build/CMakeFiles/CMakeTmp'

Source file was:

int main(void) { if (__builtin_expect(0, 0)) return 1; return 0; }

Performing C SOURCE FILE Test HAVE___SYNC_VAL_COMPARE_AND_SWAP succeeded with the following output:
Change Dir: /home/gdw/projects/SDDP/sddp_nuvo_app/3rdpart/glog-0.3.5/build/CMakeFiles/CMakeTmp

Run Build Command:"/usr/bin/make" "cmTC_0a7a4/fast"
/usr/bin/make -f CMakeFiles/cmTC_0a7a4.dir/build.make CMakeFiles/cmTC_0a7a4.dir/build
make[1]: Entering directory '/home/gdw/projects/SDDP/sddp_nuvo_app/3rdpart/glog-0.3.5/build/CMakeFiles/CMakeTmp'
Building C object CMakeFiles/cmTC_0a7a4.dir/src.c.o
/usr/bin/cc    -DHAVE___SYNC_VAL_COMPARE_AND_SWAP   -o CMakeFiles/cmTC_0a7a4.dir/src.c.o   -c /home/gdw/projects/SDDP/sddp_nuvo_app/3rdpart/glog-0.3.5/build/CMakeFiles/CMakeTmp/src.c
Linking C executable cmTC_0a7a4
/usr/bin/cmake -E cmake_link_script CMakeFiles/cmTC_0a7a4.dir/link.txt --verbose=1
/usr/bin/cc   -DHAVE___SYNC_VAL_COMPARE_AND_SWAP    CMakeFiles/cmTC_0a7a4.dir/src.c.o  -o cmTC_0a7a4 -rdynamic 
make[1]: Leaving directory '/home/gdw/projects/SDDP/sddp_nuvo_app/3rdpart/glog-0.3.5/build/CMakeFiles/CMakeTmp'

Source file was:

int main(void)
{
  int a; if (__sync_val_compare_and_swap(&a, 0, 1)) return 1; return 0;
}

Performing C++ SOURCE FILE Test STL_STD_NAMESPACE succeeded with the following output:
Change Dir: /home/gdw/projects/SDDP/sddp_nuvo_app/3rdpart/glog-0.3.5/build/CMakeFiles/CMakeTmp

Run Build Command:"/usr/bin/make" "cmTC_b28d3/fast"
/usr/bin/make -f CMakeFiles/cmTC_b28d3.dir/build.make CMakeFiles/cmTC_b28d3.dir/build
make[1]: Entering directory '/home/gdw/projects/SDDP/sddp_nuvo_app/3rdpart/glog-0.3.5/build/CMakeFiles/CMakeTmp'
Building CXX object CMakeFiles/cmTC_b28d3.dir/src.cxx.o
/usr/bin/c++     -DSTL_STD_NAMESPACE   -o CMakeFiles/cmTC_b28d3.dir/src.cxx.o -c /home/gdw/projects/SDDP/sddp_nuvo_app/3rdpart/glog-0.3.5/build/CMakeFiles/CMakeTmp/src.cxx
Linking CXX executable cmTC_b28d3
/usr/bin/cmake -E cmake_link_script CMakeFiles/cmTC_b28d3.dir/link.txt --verbose=1
/usr/bin/c++    -DSTL_STD_NAMESPACE    CMakeFiles/cmTC_b28d3.dir/src.cxx.o  -o cmTC_b28d3 -rdynamic 
make[1]: Leaving directory '/home/gdw/projects/SDDP/sddp_nuvo_app/3rdpart/glog-0.3.5/build/CMakeFiles/CMakeTmp'

Source file was:

#include <vector>
std::vector<int> t; int main() { }

Performing C++ SOURCE FILE Test HAVE_USING_OPERATOR succeeded with the following output:
Change Dir: /home/gdw/projects/SDDP/sddp_nuvo_app/3rdpart/glog-0.3.5/build/CMakeFiles/CMakeTmp

Run Build Command:"/usr/bin/make" "cmTC_03b7f/fast"
/usr/bin/make -f CMakeFiles/cmTC_03b7f.dir/build.make CMakeFiles/cmTC_03b7f.dir/build
make[1]: Entering directory '/home/gdw/projects/SDDP/sddp_nuvo_app/3rdpart/glog-0.3.5/build/CMakeFiles/CMakeTmp'
Building CXX object CMakeFiles/cmTC_03b7f.dir/src.cxx.o
/usr/bin/c++     -DHAVE_USING_OPERATOR   -o CMakeFiles/cmTC_03b7f.dir/src.cxx.o -c /home/gdw/projects/SDDP/sddp_nuvo_app/3rdpart/glog-0.3.5/build/CMakeFiles/CMakeTmp/src.cxx
Linking CXX executable cmTC_03b7f
/usr/bin/cmake -E cmake_link_script CMakeFiles/cmTC_03b7f.dir/link.txt --verbose=1
/usr/bin/c++    -DHAVE_USING_OPERATOR    CMakeFiles/cmTC_03b7f.dir/src.cxx.o  -o cmTC_03b7f -rdynamic 
make[1]: Leaving directory '/home/gdw/projects/SDDP/sddp_nuvo_app/3rdpart/glog-0.3.5/build/CMakeFiles/CMakeTmp'

Source file was:

#include <iostream>
std::ostream& operator<<(std::ostream&, struct s);
using ::operator<<;
int main() { }

Performing C++ SOURCE FILE Test HAVE_NAMESPACES succeeded with the following output:
Change Dir: /home/gdw/projects/SDDP/sddp_nuvo_app/3rdpart/glog-0.3.5/build/CMakeFiles/CMakeTmp

Run Build Command:"/usr/bin/make" "cmTC_a9f81/fast"
/usr/bin/make -f CMakeFiles/cmTC_a9f81.dir/build.make CMakeFiles/cmTC_a9f81.dir/build
make[1]: Entering directory '/home/gdw/projects/SDDP/sddp_nuvo_app/3rdpart/glog-0.3.5/build/CMakeFiles/CMakeTmp'
Building CXX object CMakeFiles/cmTC_a9f81.dir/src.cxx.o
/usr/bin/c++     -DHAVE_NAMESPACES   -o CMakeFiles/cmTC_a9f81.dir/src.cxx.o -c /home/gdw/projects/SDDP/sddp_nuvo_app/3rdpart/glog-0.3.5/build/CMakeFiles/CMakeTmp/src.cxx
Linking CXX executable cmTC_a9f81
/usr/bin/cmake -E cmake_link_script CMakeFiles/cmTC_a9f81.dir/link.txt --verbose=1
/usr/bin/c++    -DHAVE_NAMESPACES    CMakeFiles/cmTC_a9f81.dir/src.cxx.o  -o cmTC_a9f81 -rdynamic 
make[1]: Leaving directory '/home/gdw/projects/SDDP/sddp_nuvo_app/3rdpart/glog-0.3.5/build/CMakeFiles/CMakeTmp'

Source file was:

namespace Outer { namespace Inner { int i = 0; }}
using namespace Outer::Inner;;
int main() { return i; }

